autoscan: warning: missing AC_CHECK_FUNCS([gethostbyaddr]) wanted by: 
	src/socket/ResolvSocket.cpp:239
	src/socket/Ipv6Address.cpp:147
	src/socket/Ipv4Address.cpp:129
autoscan: warning: missing AC_CHECK_FUNCS([gethostbyname]) wanted by: 
	src/socket/ResolvSocket.cpp:198
	src/socket/Utility.cpp:252
	src/socket/Ipv4Address.cpp:105
autoscan: warning: missing AC_CHECK_FUNCS([gethostname]) wanted by: 
	src/socket/Utility.cpp:450
autoscan: warning: missing AC_CHECK_FUNCS([gettimeofday]) wanted by: 
	src/socket/EventTime.cpp:75
	src/socket/Utility.cpp:577
autoscan: warning: missing AC_CHECK_FUNCS([memset]) wanted by: 
	src/socket/TcpSocket.cpp:856
	src/socket/ResolvSocket.cpp:120
	src/socket/Socket.cpp:463
	src/socket/Ipv6Address.cpp:13
	src/socket/Ipv6Address.cpp:21
	src/socket/Ipv6Address.cpp:30
	src/socket/Utility.cpp:458
	src/socket/Ipv4Address.cpp:14
	src/socket/Ipv4Address.cpp:22
	src/socket/Ipv4Address.cpp:31
	src/socket/Ipv4Address.cpp:40
autoscan: warning: missing AC_CHECK_FUNCS([putenv]) wanted by: 
	src/socket/Utility.cpp:528
autoscan: warning: missing AC_CHECK_FUNCS([select]) wanted by: 
	src/socket/SocketHandler.cpp:320
	src/socket/SocketHandler.cpp:325
	src/socket/SocketHandler.cpp:781
	src/socket/SocketHandler.h:167
	src/jeliza/SocketHandler.h:167
autoscan: warning: missing AC_CHECK_FUNCS([setenv]) wanted by: 
	src/socket/Utility.cpp:536
autoscan: warning: missing AC_CHECK_FUNCS([socket]) wanted by: 
	src/socket/Socket.cpp:293
	src/socket/Socket.h:458
	src/socket/Socket.h:459
autoscan: warning: missing AC_CHECK_FUNCS([strcasecmp]) wanted by: 
	src/socket/HttpDebugSocket.cpp:79
	src/socket/HttpClientSocket.cpp:94
	src/socket/HttpClientSocket.cpp:99
	src/socket/HttpdSocket.cpp:85
	src/socket/HttpdSocket.cpp:91
	src/socket/HttpdSocket.cpp:96
	src/socket/HttpdSocket.cpp:101
	src/socket/HttpdSocket.cpp:394
	src/socket/HttpdForm.cpp:113
	src/socket/HttpdForm.cpp:118
	src/socket/HttpdCookies.cpp:79
	src/socket/HttpdCookies.cpp:96
	src/socket/HttpdCookies.cpp:129
	src/socket/MinderHandler.cpp:267
	src/socket/MinderHandler.cpp:275
	src/socket/HTTPSocket.cpp:198
	src/socket/HTTPSocket.cpp:199
	src/socket/HTTPSocket.cpp:379
autoscan: warning: missing AC_CHECK_FUNCS([strstr]) wanted by: 
	src/socket/Ipv6Address.cpp:85
	src/socket/HttpdForm.cpp:94
	src/socket/HttpdForm.cpp:94
	src/socket/Utility.cpp:289
	src/socket/HTTPSocket.cpp:389
autoscan: warning: missing AC_CHECK_HEADERS([arpa/inet.h]) wanted by: 
	src/socket/socket_include.h:57
autoscan: warning: missing AC_CHECK_HEADERS([netdb.h]) wanted by: 
	src/socket/socket_include.h:58
autoscan: warning: missing AC_CHECK_HEADERS([netinet/in.h]) wanted by: 
	src/socket/socket_include.h:56
	src/socket/socket_include.h:121
autoscan: warning: missing AC_CHECK_HEADERS([sys/param.h]) wanted by: 
	src/socket/socket_include.h:45
	src/socket/Uid.cpp:31
autoscan: warning: missing AC_CHECK_HEADERS([sys/socket.h]) wanted by: 
	src/socket/socket_include.h:55
autoscan: warning: missing AC_CHECK_HEADERS([sys/time.h]) wanted by: 
	src/socket/EventTime.cpp:35
	src/socket/Event.cpp:33
	src/socket/socket_include.h:53
autoscan: warning: missing AC_FUNC_ERROR_AT_LINE wanted by: 
	src/socket/ISocketHandler.cpp:96
	src/socket/StdLog.h:59
	src/socket/StdoutLog.cpp:45
	src/socket/StdoutLog.h:45
autoscan: warning: missing AC_FUNC_MEMCMP wanted by: 
	src/socket/Ipv6Address.cpp:273
	src/socket/Ipv4Address.cpp:193
autoscan: warning: missing AC_FUNC_MKTIME wanted by: 
	src/socket/HttpdSocket.cpp:444
autoscan: warning: missing AC_FUNC_SELECT_ARGTYPES wanted by: 
	src/socket/SocketHandler.cpp:320
	src/socket/SocketHandler.cpp:325
	src/socket/SocketHandler.cpp:781
	src/socket/SocketHandler.h:167
	src/jeliza/SocketHandler.h:167
autoscan: warning: missing AC_FUNC_STAT wanted by: 
	src/socket/HttpPostSocket.cpp:96
	src/socket/File.cpp:104
	src/socket/HttpPutSocket.cpp:68
autoscan: warning: missing AC_FUNC_VPRINTF wanted by: 
	src/socket/File.cpp:96
	src/socket/TcpSocket.cpp:968
	src/socket/MemFile.cpp:196
	src/socket/HTTPSocket.cpp:228
autoscan: warning: missing AC_HEADER_STDBOOL wanted by: 
	src/socket/CircularBuffer.cpp:63
	src/socket/CircularBuffer.cpp:94
	src/socket/CircularBuffer.cpp:131
	src/socket/CircularBuffer.cpp:161
	src/socket/ISocketHandler.cpp:74
	src/socket/ISocketHandler.cpp:80
	src/socket/TcpSocket.cpp:65
	src/socket/TcpSocket.cpp:212
	src/socket/TcpSocket.cpp:212
	src/socket/TcpSocket.cpp:220
	src/socket/TcpSocket.cpp:220
	src/socket/TcpSocket.cpp:228
	src/socket/TcpSocket.cpp:228
	src/socket/TcpSocket.cpp:341
	src/socket/TcpSocket.cpp:530
	src/socket/TcpSocket.cpp:655
	src/socket/TcpSocket.cpp:656
	src/socket/TcpSocket.cpp:657
	src/socket/TcpSocket.cpp:720
	src/socket/TcpSocket.cpp:721
	src/socket/TcpSocket.cpp:722
	src/socket/TcpSocket.cpp:903
	src/socket/TcpSocket.cpp:1049
	src/socket/TcpSocket.cpp:1305
	src/socket/TcpSocket.cpp:1328
	src/socket/TcpSocket.cpp:1337
	src/socket/TcpSocket.cpp:1346
	src/socket/TcpSocket.cpp:1352
	src/socket/TcpSocket.cpp:1358
	src/socket/TcpSocket.cpp:1404
	src/socket/TcpSocket.cpp:1423
	src/socket/ResolvServer.cpp:86
	src/socket/HttpdCookies.h:69
	src/socket/ListenSocket.h:60
	src/socket/ListenSocket.h:375
	src/socket/ListenSocket.h:386
	src/socket/ICrypt.h:42
	src/socket/MinderHandler.h:50
	src/socket/MinderHandler.h:55
	src/socket/MinderHandler.h:95
	src/socket/MinderHandler.h:95
	src/socket/MinderHandler.h:102
	src/socket/MinderHandler.h:103
	src/socket/MinderHandler.h:107
	src/socket/MinderHandler.h:109
	src/socket/MinderHandler.h:110
	src/socket/MinderHandler.h:113
	src/socket/MinderHandler.h:139
	src/socket/MemFile.h:60
	src/socket/MemFile.h:70
	src/socket/MemFile.h:78
	src/socket/MemFile.h:84
	src/socket/Event.h:54
	src/socket/SocketHandler.cpp:167
	src/socket/SocketHandler.cpp:167
	src/socket/SocketHandler.cpp:167
	src/socket/SocketHandler.cpp:178
	src/socket/SocketHandler.cpp:178
	src/socket/SocketHandler.cpp:178
	src/socket/SocketHandler.cpp:257
	src/socket/SocketHandler.cpp:282
	src/socket/SocketHandler.cpp:731
	src/socket/SocketHandler.cpp:808
	src/socket/SocketHandler.cpp:820
	src/socket/SocketHandler.cpp:995
	src/socket/SocketHandler.cpp:1001
	src/socket/SocketHandler.cpp:1007
	src/socket/SocketHandler.cpp:1031
	src/socket/SocketHandler.cpp:1037
	src/socket/SocketHandler.cpp:1049
	src/socket/SocketHandler.cpp:1112
	src/socket/SocketHandler.cpp:1130
	src/socket/HttpClientSocket.h:74
	src/socket/HttpClientSocket.h:80
	src/socket/HttpClientSocket.h:100
	src/socket/HttpClientSocket.h:103
	src/socket/HttpClientSocket.h:104
	src/socket/Ipv4Address.h:37
	src/socket/Ipv4Address.h:45
	src/socket/Ipv4Address.h:49
	src/socket/Ipv4Address.h:53
	src/socket/Ipv4Address.h:55
	src/socket/Ipv4Address.h:63
	src/socket/HTTPSocket.h:90
	src/socket/HTTPSocket.h:92
	src/socket/HTTPSocket.h:123
	src/socket/HTTPSocket.h:124
	src/socket/HTTPSocket.h:133
	src/socket/HTTPSocket.h:134
	src/socket/HttpPostSocket.cpp:138
	src/socket/EventTime.cpp:92
	src/socket/NullCrypt.h:47
	src/socket/MinionSocket.cpp:208
	src/socket/CTcpSocket.cpp:65
	src/socket/CircularBuffer.h:51
	src/socket/CircularBuffer.h:53
	src/socket/CircularBuffer.h:55
	src/socket/CircularBuffer.h:69
	src/socket/SocketAddress.h:32
	src/socket/SocketAddress.h:47
	src/socket/SocketAddress.h:56
	src/socket/HttpdForm.h:81
	src/socket/HttpdForm.h:86
	src/socket/HttpdForm.h:87
	src/socket/HttpdForm.h:90
	src/socket/HttpdForm.h:91
	src/socket/HttpdForm.h:107
	src/socket/Event.cpp:59
	src/socket/Base64.cpp:61
	src/socket/Base64.cpp:100
	src/socket/Base64.cpp:106
	src/socket/Base64.cpp:142
	src/socket/HttpClientSocket.cpp:210
	src/socket/HttpClientSocket.cpp:227
	src/socket/Socket.cpp:192
	src/socket/Socket.cpp:196
	src/socket/Socket.cpp:349
	src/socket/Socket.cpp:355
	src/socket/Socket.cpp:361
	src/socket/Socket.cpp:375
	src/socket/Socket.cpp:381
	src/socket/Socket.cpp:395
	src/socket/Socket.cpp:500
	src/socket/Socket.cpp:500
	src/socket/Socket.cpp:533
	src/socket/Socket.cpp:533
	src/socket/Socket.cpp:566
	src/socket/Socket.cpp:566
	src/socket/Socket.cpp:566
	src/socket/Socket.cpp:578
	src/socket/Socket.cpp:586
	src/socket/Socket.cpp:612
	src/socket/Socket.cpp:618
	src/socket/Socket.cpp:711
	src/socket/Socket.cpp:762
	src/socket/Socket.cpp:773
	src/socket/Socket.cpp:790
	src/socket/Socket.cpp:797
	src/socket/Socket.cpp:803
	src/socket/Socket.cpp:809
	src/socket/Socket.cpp:815
	src/socket/Socket.cpp:821
	src/socket/Socket.cpp:863
	src/socket/Socket.cpp:875
	src/socket/Socket.cpp:881
	src/socket/Socket.cpp:888
	src/socket/Socket.cpp:894
	src/socket/Socket.cpp:900
	src/socket/Socket.cpp:906
	src/socket/Socket.cpp:912
	src/socket/Socket.cpp:966
	src/socket/Socket.cpp:972
	src/socket/Socket.cpp:978
	src/socket/Socket.cpp:984
	src/socket/Socket.cpp:990
	src/socket/Socket.cpp:996
	src/socket/Socket.cpp:1002
	src/socket/Socket.cpp:1008
	src/socket/Socket.cpp:1014
	src/socket/Socket.cpp:1021
	src/socket/Socket.cpp:1037
	src/socket/Socket.cpp:1043
	src/socket/Socket.cpp:1049
	src/socket/Socket.cpp:1055
	src/socket/Socket.cpp:1106
	src/socket/Socket.cpp:1112
	src/socket/Socket.cpp:1166
	src/socket/Socket.cpp:1172
	src/socket/Ipv6Address.cpp:73
	src/socket/Ipv6Address.cpp:144
	src/socket/Ipv6Address.cpp:157
	src/socket/Ipv6Address.cpp:165
	src/socket/Ipv6Address.cpp:170
	src/socket/Ipv6Address.cpp:171
	src/socket/Ipv6Address.cpp:257
	src/socket/Ipv6Address.cpp:263
	src/socket/SocketHandler.h:76
	src/socket/SocketHandler.h:76
	src/socket/SocketHandler.h:76
	src/socket/SocketHandler.h:78
	src/socket/SocketHandler.h:78
	src/socket/SocketHandler.h:78
	src/socket/SocketHandler.h:88
	src/socket/SocketHandler.h:94
	src/socket/SocketHandler.h:97
	src/socket/SocketHandler.h:103
	src/socket/SocketHandler.h:106
	src/socket/SocketHandler.h:118
	src/socket/SocketHandler.h:130
	src/socket/SocketHandler.h:138
	src/socket/SocketHandler.h:150
	src/socket/SocketHandler.h:172
	src/socket/SocketHandler.h:176
	src/socket/HttpPostSocket.h:81
	src/socket/EventTime.h:61
	src/socket/UdpSocket.h:48
	src/socket/UdpSocket.h:93
	src/socket/UdpSocket.h:98
	src/socket/UdpSocket.h:104
	src/socket/UdpSocket.h:109
	src/socket/UdpSocket.h:139
	src/socket/UdpSocket.h:142
	src/socket/UdpSocket.h:147
	src/socket/UdpSocket.h:148
	src/socket/UdpSocket.h:158
	src/socket/UdpSocket.h:176
	src/socket/MinionSocket.h:67
	src/socket/MinionSocket.h:68
	src/socket/MinionSocket.h:85
	src/socket/MinionSocket.h:99
	src/socket/MinionSocket.h:101
	src/socket/CTcpSocket.h:54
	src/socket/HttpdForm.cpp:275
	src/socket/HttpdForm.cpp:359
	src/socket/HttpdForm.cpp:434
	src/socket/HttpdForm.cpp:467
	src/socket/HttpdForm.cpp:474
	src/socket/HttpdForm.cpp:491
	src/socket/HttpdForm.cpp:498
	src/socket/Utility.h:66
	src/socket/Utility.h:68
	src/socket/Utility.h:70
	src/socket/Utility.h:73
	src/socket/Utility.h:79
	src/socket/Utility.h:124
	src/socket/Thread.h:63
	src/socket/Thread.h:70
	src/socket/Thread.h:71
	src/socket/Thread.h:72
	src/socket/Thread.h:73
	src/socket/Thread.h:74
	src/socket/Thread.h:75
	src/socket/Thread.h:76
	src/socket/Thread.h:87
	src/socket/Thread.h:88
	src/socket/Thread.h:89
	src/socket/Thread.h:90
	src/socket/Parse.h:80
	src/socket/Parse.h:91
	src/socket/File.h:48
	src/socket/File.h:58
	src/socket/EventHandler.h:54
	src/socket/EventHandler.h:63
	src/socket/EventHandler.h:69
	src/socket/Base64.h:53
	src/socket/Base64.h:54
	src/socket/Base64.h:55
	src/socket/Base64.h:56
	src/socket/IFile.h:47
	src/socket/IFile.h:57
	src/socket/IEventHandler.h:50
	src/socket/Socket.h:92
	src/socket/Socket.h:92
	src/socket/Socket.h:92
	src/socket/Socket.h:96
	src/socket/Socket.h:122
	src/socket/Socket.h:131
	src/socket/Socket.h:142
	src/socket/Socket.h:147
	src/socket/Socket.h:151
	src/socket/Socket.h:154
	src/socket/Socket.h:157
	src/socket/Socket.h:160
	src/socket/Socket.h:162
	src/socket/Socket.h:165
	src/socket/Socket.h:167
	src/socket/Socket.h:170
	src/socket/Socket.h:201
	src/socket/Socket.h:201
	src/socket/Socket.h:203
	src/socket/Socket.h:203
	src/socket/Socket.h:218
	src/socket/Socket.h:221
	src/socket/Socket.h:223
	src/socket/Socket.h:226
	src/socket/Socket.h:229
	src/socket/Socket.h:232
	src/socket/Socket.h:235
	src/socket/Socket.h:272
	src/socket/Socket.h:277
	src/socket/Socket.h:279
	src/socket/Socket.h:282
	src/socket/Socket.h:289
	src/socket/Socket.h:292
	src/socket/Socket.h:319
	src/socket/Socket.h:321
	src/socket/Socket.h:350
	src/socket/Socket.h:352
	src/socket/Socket.h:355
	src/socket/Socket.h:357
	src/socket/Socket.h:360
	src/socket/Socket.h:362
	src/socket/Socket.h:365
	src/socket/Socket.h:368
	src/socket/Socket.h:371
	src/socket/Socket.h:374
	src/socket/Socket.h:382
	src/socket/Socket.h:385
	src/socket/Socket.h:389
	src/socket/Socket.h:392
	src/socket/Socket.h:408
	src/socket/Socket.h:410
	src/socket/Socket.h:426
	src/socket/Socket.h:427
	src/socket/Socket.h:443
	src/socket/Socket.h:444
	src/socket/Socket.h:445
	src/socket/Socket.h:448
	src/socket/Socket.h:449
	src/socket/Socket.h:452
	src/socket/Socket.h:453
	src/socket/Socket.h:455
	src/socket/Socket.h:460
	src/socket/Socket.h:461
	src/socket/Socket.h:462
	src/socket/Socket.h:463
	src/socket/Socket.h:464
	src/socket/Socket.h:465
	src/socket/Socket.h:466
	src/socket/Socket.h:471
	src/socket/Socket.h:472
	src/socket/Socket.h:473
	src/socket/Socket.h:474
	src/socket/Socket.h:475
	src/socket/Socket.h:476
	src/socket/Socket.h:477
	src/socket/Socket.h:480
	src/socket/Ipv6Address.h:33
	src/socket/Ipv6Address.h:41
	src/socket/Ipv6Address.h:45
	src/socket/Ipv6Address.h:49
	src/socket/Ipv6Address.h:51
	src/socket/Ipv6Address.h:53
	src/socket/Ipv6Address.h:65
	src/socket/HttpdCookies.cpp:74
	src/socket/UdpSocket.cpp:52
	src/socket/UdpSocket.cpp:157
	src/socket/UdpSocket.cpp:164
	src/socket/UdpSocket.cpp:187
	src/socket/UdpSocket.cpp:195
	src/socket/UdpSocket.cpp:412
	src/socket/UdpSocket.cpp:438
	src/socket/UdpSocket.cpp:485
	src/socket/UdpSocket.cpp:510
	src/socket/UdpSocket.cpp:657
	src/socket/Utility.cpp:40
	src/socket/Utility.cpp:179
	src/socket/Utility.cpp:188
	src/socket/Utility.cpp:228
	src/socket/Utility.cpp:277
	src/socket/Utility.cpp:372
	src/socket/Utility.cpp:377
	src/socket/Utility.cpp:378
	src/socket/ISocketHandler.h:76
	src/socket/ISocketHandler.h:78
	src/socket/ISocketHandler.h:96
	src/socket/ISocketHandler.h:96
	src/socket/ISocketHandler.h:96
	src/socket/ISocketHandler.h:98
	src/socket/ISocketHandler.h:98
	src/socket/ISocketHandler.h:98
	src/socket/ISocketHandler.h:108
	src/socket/ISocketHandler.h:114
	src/socket/ISocketHandler.h:117
	src/socket/ISocketHandler.h:127
	src/socket/ISocketHandler.h:130
	src/socket/ISocketHandler.h:146
	src/socket/ISocketHandler.h:162
	src/socket/ISocketHandler.h:174
	src/socket/ISocketHandler.h:196
	src/socket/ISocketHandler.h:202
	src/socket/ISocketHandler.h:204
	src/socket/TcpSocket.h:106
	src/socket/TcpSocket.h:106
	src/socket/TcpSocket.h:112
	src/socket/TcpSocket.h:112
	src/socket/TcpSocket.h:114
	src/socket/TcpSocket.h:114
	src/socket/TcpSocket.h:118
	src/socket/TcpSocket.h:151
	src/socket/TcpSocket.h:153
	src/socket/TcpSocket.h:161
	src/socket/TcpSocket.h:178
	src/socket/TcpSocket.h:180
	src/socket/TcpSocket.h:182
	src/socket/TcpSocket.h:184
	src/socket/TcpSocket.h:193
	src/socket/TcpSocket.h:197
	src/socket/TcpSocket.h:218
	src/socket/TcpSocket.h:242
	src/socket/TcpSocket.h:246
	src/socket/TcpSocket.h:247
	src/socket/TcpSocket.h:249
	src/socket/ResolvServer.h:51
	src/socket/ResolvServer.h:57
	src/socket/ResolvServer.h:59
	src/socket/Thread.cpp:46
	src/socket/Thread.cpp:120
	src/socket/Thread.cpp:126
	src/socket/Thread.cpp:132
	src/socket/Thread.cpp:138
	src/socket/Thread.cpp:144
	src/socket/Thread.cpp:150
	src/socket/Thread.cpp:156
	src/socket/MinderHandler.cpp:165
	src/socket/MinderHandler.cpp:197
	src/socket/MinderHandler.cpp:250
	src/socket/MinderHandler.cpp:262
	src/socket/MinderHandler.cpp:307
	src/socket/MinderHandler.cpp:307
	src/socket/MinderHandler.cpp:368
	src/socket/MinderHandler.cpp:402
	src/socket/MemFile.cpp:90
	src/socket/MemFile.cpp:211
	src/socket/File.cpp:56
	src/socket/File.cpp:112
	src/socket/EventHandler.cpp:66
	src/socket/EventHandler.cpp:117
	src/socket/EventHandler.cpp:154
	src/socket/Ipv4Address.cpp:83
	src/socket/Ipv4Address.cpp:127
	src/socket/Ipv4Address.cpp:139
	src/socket/Ipv4Address.cpp:177
	src/socket/Ipv4Address.cpp:183
	src/socket/HTTPSocket.cpp:333
	src/socket/HTTPSocket.cpp:339
	src/socket/ResolvSocket.h:64
	src/socket/NullCrypt.cpp:56
	src/jeliza/SocketHandler.h:76
	src/jeliza/SocketHandler.h:76
	src/jeliza/SocketHandler.h:76
	src/jeliza/SocketHandler.h:78
	src/jeliza/SocketHandler.h:78
	src/jeliza/SocketHandler.h:78
	src/jeliza/SocketHandler.h:88
	src/jeliza/SocketHandler.h:94
	src/jeliza/SocketHandler.h:97
	src/jeliza/SocketHandler.h:103
	src/jeliza/SocketHandler.h:106
	src/jeliza/SocketHandler.h:118
	src/jeliza/SocketHandler.h:130
	src/jeliza/SocketHandler.h:138
	src/jeliza/SocketHandler.h:150
	src/jeliza/SocketHandler.h:172
	src/jeliza/SocketHandler.h:176
	src/jeliza/TcpSocket.h:106
	src/jeliza/TcpSocket.h:106
	src/jeliza/TcpSocket.h:112
	src/jeliza/TcpSocket.h:112
	src/jeliza/TcpSocket.h:114
	src/jeliza/TcpSocket.h:114
	src/jeliza/TcpSocket.h:118
	src/jeliza/TcpSocket.h:151
	src/jeliza/TcpSocket.h:153
	src/jeliza/TcpSocket.h:161
	src/jeliza/TcpSocket.h:178
	src/jeliza/TcpSocket.h:180
	src/jeliza/TcpSocket.h:182
	src/jeliza/TcpSocket.h:184
	src/jeliza/TcpSocket.h:193
	src/jeliza/TcpSocket.h:197
	src/jeliza/TcpSocket.h:218
	src/jeliza/TcpSocket.h:242
	src/jeliza/TcpSocket.h:246
	src/jeliza/TcpSocket.h:247
	src/jeliza/TcpSocket.h:249
	src/jeliza/main.cpp:85
	src/jeliza/main.cpp:167
	src/jeliza/ListenSocket.h:60
	src/jeliza/ListenSocket.h:375
	src/jeliza/ListenSocket.h:386
	src/jeliza/util.cpp:91
	src/socket/CircularBuffer.cpp:68
	src/socket/CircularBuffer.cpp:99
	src/socket/ISocketHandler.cpp:47
	src/socket/ISocketHandler.cpp:49
	src/socket/ISocketHandler.cpp:56
	src/socket/TcpSocket.cpp:65
	src/socket/TcpSocket.cpp:87
	src/socket/TcpSocket.cpp:88
	src/socket/TcpSocket.cpp:89
	src/socket/TcpSocket.cpp:143
	src/socket/TcpSocket.cpp:144
	src/socket/TcpSocket.cpp:145
	src/socket/TcpSocket.cpp:234
	src/socket/TcpSocket.cpp:240
	src/socket/TcpSocket.cpp:242
	src/socket/TcpSocket.cpp:243
	src/socket/TcpSocket.cpp:263
	src/socket/TcpSocket.cpp:270
	src/socket/TcpSocket.cpp:324
	src/socket/TcpSocket.cpp:351
	src/socket/TcpSocket.cpp:363
	src/socket/TcpSocket.cpp:427
	src/socket/TcpSocket.cpp:433
	src/socket/TcpSocket.cpp:443
	src/socket/TcpSocket.cpp:445
	src/socket/TcpSocket.cpp:467
	src/socket/TcpSocket.cpp:476
	src/socket/TcpSocket.cpp:478
	src/socket/TcpSocket.cpp:530
	src/socket/TcpSocket.cpp:601
	src/socket/TcpSocket.cpp:604
	src/socket/TcpSocket.cpp:618
	src/socket/TcpSocket.cpp:626
	src/socket/TcpSocket.cpp:662
	src/socket/TcpSocket.cpp:686
	src/socket/TcpSocket.cpp:727
	src/socket/TcpSocket.cpp:892
	src/socket/TcpSocket.cpp:930
	src/socket/TcpSocket.cpp:942
	src/socket/TcpSocket.cpp:958
	src/socket/TcpSocket.cpp:1057
	src/socket/TcpSocket.cpp:1060
	src/socket/TcpSocket.cpp:1083
	src/socket/TcpSocket.cpp:1093
	src/socket/TcpSocket.cpp:1104
	src/socket/TcpSocket.cpp:1107
	src/socket/TcpSocket.cpp:1122
	src/socket/TcpSocket.cpp:1132
	src/socket/TcpSocket.cpp:1139
	src/socket/ResolvServer.cpp:47
	src/socket/ResolvServer.cpp:49
	src/socket/ResolvServer.cpp:76
	src/socket/ListenSocket.h:61
	src/socket/MinderHandler.h:95
	src/socket/ResolvSocket.cpp:60
	src/socket/ResolvSocket.cpp:134
	src/socket/SocketHandler.cpp:68
	src/socket/SocketHandler.cpp:71
	src/socket/SocketHandler.cpp:87
	src/socket/SocketHandler.cpp:90
	src/socket/SocketHandler.cpp:171
	src/socket/SocketHandler.cpp:172
	src/socket/SocketHandler.cpp:173
	src/socket/SocketHandler.cpp:257
	src/socket/SocketHandler.cpp:277
	src/socket/SocketHandler.cpp:282
	src/socket/SocketHandler.cpp:285
	src/socket/SocketHandler.cpp:465
	src/socket/SocketHandler.cpp:490
	src/socket/SocketHandler.cpp:490
	src/socket/SocketHandler.cpp:490
	src/socket/SocketHandler.cpp:561
	src/socket/SocketHandler.cpp:590
	src/socket/SocketHandler.cpp:672
	src/socket/SocketHandler.cpp:674
	src/socket/SocketHandler.cpp:711
	src/socket/SocketHandler.cpp:715
	src/socket/SocketHandler.cpp:715
	src/socket/SocketHandler.cpp:715
	src/socket/SocketHandler.cpp:731
	src/socket/SocketHandler.cpp:816
	src/socket/SocketHandler.cpp:997
	src/socket/SocketHandler.cpp:1039
	src/socket/SocketHandler.cpp:1112
	src/socket/Ipv4Address.h:49
	src/socket/HttpPostSocket.cpp:53
	src/socket/HttpPostSocket.cpp:59
	src/socket/HttpPostSocket.cpp:147
	src/socket/MinionSocket.cpp:55
	src/socket/MinionSocket.cpp:56
	src/socket/MinionSocket.cpp:71
	src/socket/MinionSocket.cpp:349
	src/socket/MinionSocket.cpp:396
	src/socket/CTcpSocket.cpp:67
	src/socket/CircularBuffer.h:69
	src/socket/Parse.cpp:55
	src/socket/Parse.cpp:68
	src/socket/Parse.cpp:81
	src/socket/Parse.cpp:94
	src/socket/SctpSocket.cpp:370
	src/socket/SctpSocket.cpp:373
	src/socket/HttpClientSocket.cpp:41
	src/socket/HttpClientSocket.cpp:44
	src/socket/HttpClientSocket.cpp:45
	src/socket/HttpClientSocket.cpp:55
	src/socket/HttpClientSocket.cpp:58
	src/socket/HttpClientSocket.cpp:59
	src/socket/Socket.cpp:61
	src/socket/Socket.cpp:62
	src/socket/Socket.cpp:63
	src/socket/Socket.cpp:65
	src/socket/Socket.cpp:66
	src/socket/Socket.cpp:67
	src/socket/Socket.cpp:68
	src/socket/Socket.cpp:70
	src/socket/Socket.cpp:73
	src/socket/Socket.cpp:74
	src/socket/Socket.cpp:75
	src/socket/Socket.cpp:76
	src/socket/Socket.cpp:79
	src/socket/Socket.cpp:84
	src/socket/Socket.cpp:85
	src/socket/Socket.cpp:86
	src/socket/Socket.cpp:87
	src/socket/Socket.cpp:88
	src/socket/Socket.cpp:89
	src/socket/Socket.cpp:93
	src/socket/Socket.cpp:158
	src/socket/Socket.cpp:162
	src/socket/Socket.cpp:205
	src/socket/Socket.cpp:211
	src/socket/Socket.cpp:212
	src/socket/Socket.cpp:216
	src/socket/Socket.cpp:216
	src/socket/Socket.cpp:262
	src/socket/Socket.cpp:262
	src/socket/Socket.cpp:262
	src/socket/Socket.cpp:263
	src/socket/Socket.cpp:264
	src/socket/Socket.cpp:265
	src/socket/Socket.cpp:266
	src/socket/Socket.cpp:267
	src/socket/Socket.cpp:486
	src/socket/Socket.cpp:508
	src/socket/Socket.cpp:517
	src/socket/Socket.cpp:525
	src/socket/Socket.cpp:541
	src/socket/Socket.cpp:550
	src/socket/Socket.cpp:558
	src/socket/Socket.cpp:582
	src/socket/Socket.cpp:589
	src/socket/Socket.cpp:591
	src/socket/Socket.cpp:593
	src/socket/Socket.cpp:775
	src/socket/Ipv6Address.cpp:28
	src/socket/Ipv6Address.cpp:134
	src/socket/Ipv6Address.cpp:153
	src/socket/Ipv6Address.cpp:170
	src/socket/Ipv6Address.cpp:184
	src/socket/Ipv6Address.cpp:208
	src/socket/Ipv6Address.cpp:266
	src/socket/Ipv6Address.cpp:268
	src/socket/Ipv6Address.cpp:272
	src/socket/Ipv6Address.cpp:274
	src/socket/UdpSocket.h:48
	src/socket/HttpdForm.cpp:48
	src/socket/HttpdForm.cpp:275
	src/socket/HttpdForm.cpp:302
	src/socket/HttpdForm.cpp:351
	src/socket/HttpdForm.cpp:359
	src/socket/HttpdForm.cpp:383
	src/socket/HttpdForm.cpp:487
	src/socket/HttpdForm.cpp:519
	src/socket/Utility.h:79
	src/socket/Socket.h:426
	src/socket/Socket.h:427
	src/socket/Ipv6Address.h:45
	src/socket/Ipv6Address.h:53
	src/socket/HttpdCookies.cpp:86
	src/socket/UdpSocket.cpp:55
	src/socket/UdpSocket.cpp:174
	src/socket/UdpSocket.cpp:182
	src/socket/UdpSocket.cpp:208
	src/socket/UdpSocket.cpp:213
	src/socket/UdpSocket.cpp:525
	src/socket/UdpSocket.cpp:534
	src/socket/Utility.cpp:40
	src/socket/Utility.cpp:53
	src/socket/Utility.cpp:53
	src/socket/Utility.cpp:183
	src/socket/Utility.cpp:199
	src/socket/Utility.cpp:203
	src/socket/Utility.cpp:211
	src/socket/Utility.cpp:218
	src/socket/Utility.cpp:255
	src/socket/Utility.cpp:266
	src/socket/Utility.cpp:272
	src/socket/Utility.cpp:340
	src/socket/Utility.cpp:348
	src/socket/Utility.cpp:377
	src/socket/Utility.cpp:391
	src/socket/Utility.cpp:415
	src/socket/ISocketHandler.h:131
	src/socket/ISocketHandler.h:163
	src/socket/ISocketHandler.h:175
	src/socket/ISocketHandler.h:197
	src/socket/TcpSocket.h:106
	src/socket/TcpSocket.h:112
	src/socket/TcpSocket.h:114
	src/socket/TcpSocket.h:151
	src/socket/TcpSocket.h:153
	src/socket/Thread.cpp:49
	src/socket/Thread.cpp:50
	src/socket/Thread.cpp:51
	src/socket/Thread.cpp:64
	src/socket/Thread.cpp:78
	src/socket/Thread.cpp:108
	src/socket/MinderHandler.cpp:57
	src/socket/MinderHandler.cpp:171
	src/socket/MinderHandler.cpp:178
	src/socket/MinderHandler.cpp:203
	src/socket/MinderHandler.cpp:225
	src/socket/MinderHandler.cpp:244
	src/socket/MinderHandler.cpp:258
	src/socket/MinderHandler.cpp:280
	src/socket/MinderHandler.cpp:319
	src/socket/MinderHandler.cpp:342
	src/socket/MinderHandler.cpp:379
	src/socket/MinderHandler.cpp:416
	src/socket/MinderHandler.cpp:426
	src/socket/MinderHandler.cpp:443
	src/socket/MemFile.cpp:54
	src/socket/MemFile.cpp:61
	src/socket/MemFile.cpp:67
	src/socket/MemFile.cpp:213
	src/socket/File.cpp:61
	src/socket/File.cpp:119
	src/socket/EventHandler.cpp:44
	src/socket/EventHandler.cpp:49
	src/socket/EventHandler.cpp:69
	src/socket/EventHandler.cpp:79
	src/socket/EventHandler.cpp:120
	src/socket/SocketThread.cpp:44
	src/socket/SocketThread.cpp:56
	src/socket/Ipv4Address.cpp:38
	src/socket/Ipv4Address.cpp:108
	src/socket/Ipv4Address.cpp:119
	src/socket/Ipv4Address.cpp:135
	src/socket/Ipv4Address.cpp:186
	src/socket/Ipv4Address.cpp:188
	src/socket/Ipv4Address.cpp:192
	src/socket/Ipv4Address.cpp:194
	src/socket/HTTPSocket.cpp:50
	src/socket/HTTPSocket.cpp:51
	src/socket/HTTPSocket.cpp:180
	src/socket/HTTPSocket.cpp:186
	src/socket/HTTPSocket.cpp:187
	src/socket/HTTPSocket.cpp:267
	src/socket/HTTPSocket.cpp:268
	src/socket/NullCrypt.cpp:51
	src/jeliza/TcpSocket.h:106
	src/jeliza/TcpSocket.h:112
	src/jeliza/TcpSocket.h:114
	src/jeliza/TcpSocket.h:151
	src/jeliza/TcpSocket.h:153
	src/jeliza/main.cpp:85
	src/jeliza/ListenSocket.h:61
	src/socket/CircularBuffer.cpp:90
	src/socket/CircularBuffer.cpp:127
	src/socket/ISocketHandler.cpp:58
	src/socket/TcpSocket.cpp:96
	src/socket/TcpSocket.cpp:152
	src/socket/TcpSocket.cpp:256
	src/socket/TcpSocket.cpp:266
	src/socket/TcpSocket.cpp:304
	src/socket/TcpSocket.cpp:310
	src/socket/TcpSocket.cpp:317
	src/socket/TcpSocket.cpp:337
	src/socket/TcpSocket.cpp:370
	src/socket/TcpSocket.cpp:426
	src/socket/TcpSocket.cpp:432
	src/socket/TcpSocket.cpp:442
	src/socket/TcpSocket.cpp:466
	src/socket/TcpSocket.cpp:475
	src/socket/TcpSocket.cpp:605
	src/socket/TcpSocket.cpp:617
	src/socket/TcpSocket.cpp:625
	src/socket/TcpSocket.cpp:660
	src/socket/TcpSocket.cpp:685
	src/socket/TcpSocket.cpp:693
	src/socket/TcpSocket.cpp:725
	src/socket/TcpSocket.cpp:923
	src/socket/TcpSocket.cpp:954
	src/socket/TcpSocket.cpp:980
	src/socket/TcpSocket.cpp:985
	src/socket/TcpSocket.cpp:1018
	src/socket/TcpSocket.cpp:1023
	src/socket/TcpSocket.cpp:1078
	src/socket/TcpSocket.cpp:1094
	src/socket/TcpSocket.cpp:1117
	src/socket/TcpSocket.cpp:1133
	src/socket/TcpSocket.cpp:1418
	src/socket/TcpSocket.cpp:1419
	src/socket/ResolvServer.cpp:71
	src/socket/ResolvServer.cpp:82
	src/socket/ListenSocket.h:60
	src/socket/ListenSocket.h:69
	src/socket/ListenSocket.h:333
	src/socket/ListenSocket.h:358
	src/socket/ListenSocket.h:361
	src/socket/MinderHandler.h:109
	src/socket/SocketHandler.cpp:171
	src/socket/SocketHandler.cpp:172
	src/socket/SocketHandler.cpp:173
	src/socket/SocketHandler.cpp:265
	src/socket/SocketHandler.cpp:277
	src/socket/SocketHandler.cpp:289
	src/socket/SocketHandler.cpp:549
	src/socket/SocketHandler.cpp:556
	src/socket/SocketHandler.cpp:779
	src/socket/SocketHandler.cpp:814
	src/socket/SocketHandler.cpp:822
	src/socket/SocketHandler.cpp:1039
	src/socket/SocketHandler.cpp:1118
	src/socket/HttpClientSocket.h:80
	src/socket/HttpPostSocket.cpp:101
	src/socket/HttpPostSocket.cpp:138
	src/socket/HttpPostSocket.cpp:279
	src/socket/MinionSocket.cpp:70
	src/socket/MinionSocket.cpp:179
	src/socket/MinionSocket.cpp:190
	src/socket/MinionSocket.cpp:291
	src/socket/MinionSocket.cpp:309
	src/socket/MinionSocket.cpp:392
	src/socket/MinionSocket.cpp:398
	src/socket/SctpSocket.cpp:189
	src/socket/SctpSocket.cpp:204
	src/socket/SctpSocket.cpp:374
	src/socket/HttpClientSocket.cpp:147
	src/socket/HttpClientSocket.cpp:166
	src/socket/HttpClientSocket.cpp:182
	src/socket/Socket.cpp:77
	src/socket/Socket.cpp:78
	src/socket/Socket.cpp:90
	src/socket/Socket.cpp:196
	src/socket/Socket.cpp:235
	src/socket/Socket.cpp:510
	src/socket/Socket.cpp:528
	src/socket/Socket.cpp:543
	src/socket/Socket.cpp:561
	src/socket/Socket.cpp:581
	src/socket/Socket.cpp:595
	src/socket/Socket.cpp:603
	src/socket/Socket.cpp:714
	src/socket/Socket.cpp:764
	src/socket/Socket.cpp:829
	src/socket/Socket.cpp:859
	src/socket/Socket.cpp:871
	src/socket/Ipv6Address.cpp:11
	src/socket/Ipv6Address.cpp:19
	src/socket/Ipv6Address.cpp:38
	src/socket/Ipv6Address.cpp:124
	src/socket/Ipv6Address.cpp:140
	src/socket/Ipv6Address.cpp:151
	src/socket/Ipv6Address.cpp:171
	src/socket/Ipv6Address.cpp:188
	src/socket/Ipv6Address.cpp:212
	src/socket/Ipv6Address.cpp:275
	src/socket/SocketHandler.h:78
	src/socket/SocketHandler.h:103
	src/socket/SocketHandler.h:118
	src/socket/SocketHandler.h:176
	src/socket/UdpSocket.h:139
	src/socket/UdpSocket.h:147
	src/socket/MinionSocket.h:68
	src/socket/MinionSocket.h:85
	src/socket/HttpdForm.cpp:123
	src/socket/HttpdForm.cpp:294
	src/socket/HttpdForm.cpp:375
	src/socket/HttpdForm.cpp:481
	src/socket/HttpdForm.cpp:513
	src/socket/Utility.h:124
	src/socket/Thread.h:63
	src/socket/Thread.h:75
	src/socket/EventHandler.h:63
	src/socket/MinderSocket.cpp:139
	src/socket/MinderSocket.cpp:147
	src/socket/MinderSocket.cpp:169
	src/socket/Base64.h:53
	src/socket/Base64.h:54
	src/socket/Base64.h:55
	src/socket/Base64.h:56
	src/socket/Socket.h:92
	src/socket/Socket.h:151
	src/socket/Socket.h:157
	src/socket/Socket.h:162
	src/socket/Socket.h:167
	src/socket/Socket.h:218
	src/socket/Socket.h:223
	src/socket/Socket.h:232
	src/socket/Socket.h:279
	src/socket/Socket.h:321
	src/socket/Socket.h:352
	src/socket/Socket.h:357
	src/socket/Socket.h:362
	src/socket/Socket.h:365
	src/socket/Socket.h:371
	src/socket/Socket.h:382
	src/socket/Socket.h:389
	src/socket/Socket.h:408
	src/socket/Socket.h:455
	src/socket/Socket.h:463
	src/socket/Socket.h:477
	src/socket/HttpdCookies.cpp:82
	src/socket/UdpSocket.cpp:134
	src/socket/UdpSocket.cpp:148
	src/socket/UdpSocket.cpp:203
	src/socket/UdpSocket.cpp:211
	src/socket/UdpSocket.cpp:229
	src/socket/UdpSocket.cpp:242
	src/socket/UdpSocket.cpp:295
	src/socket/UdpSocket.cpp:525
	src/socket/UdpSocket.cpp:534
	src/socket/Utility.cpp:184
	src/socket/Utility.cpp:224
	src/socket/Utility.cpp:247
	src/socket/Utility.cpp:270
	src/socket/Utility.cpp:328
	src/socket/Utility.cpp:346
	src/socket/Utility.cpp:378
	src/socket/Utility.cpp:395
	src/socket/Utility.cpp:419
	src/socket/Utility.cpp:467
	src/socket/ISocketHandler.h:76
	src/socket/ISocketHandler.h:98
	src/socket/ISocketHandler.h:127
	src/socket/ISocketHandler.h:146
	src/socket/TcpSocket.h:178
	src/socket/TcpSocket.h:182
	src/socket/TcpSocket.h:193
	src/socket/TcpSocket.h:197
	src/socket/Thread.cpp:48
	src/socket/Thread.cpp:74
	src/socket/Thread.cpp:77
	src/socket/MinderHandler.cpp:165
	src/socket/MinderHandler.cpp:197
	src/socket/MinderHandler.cpp:256
	src/socket/MinderHandler.cpp:269
	src/socket/MinderHandler.cpp:277
	src/socket/MinderHandler.cpp:310
	src/socket/MinderHandler.cpp:321
	src/socket/MinderHandler.cpp:376
	src/socket/MinderHandler.cpp:414
	src/socket/MemFile.cpp:48
	src/socket/MemFile.cpp:92
	src/socket/MemFile.cpp:110
	src/socket/MemFile.cpp:213
	src/socket/File.cpp:61
	src/socket/File.cpp:117
	src/socket/EventHandler.cpp:77
	src/socket/EventHandler.cpp:128
	src/socket/SocketThread.cpp:55
	src/socket/Ipv4Address.cpp:12
	src/socket/Ipv4Address.cpp:20
	src/socket/Ipv4Address.cpp:29
	src/socket/Ipv4Address.cpp:48
	src/socket/Ipv4Address.cpp:102
	src/socket/Ipv4Address.cpp:123
	src/socket/Ipv4Address.cpp:133
	src/socket/Ipv4Address.cpp:195
	src/socket/HTTPSocket.cpp:47
	src/socket/HTTPSocket.cpp:48
	src/socket/HTTPSocket.cpp:161
	src/socket/HTTPSocket.cpp:178
	src/socket/HTTPSocket.cpp:265
	src/socket/HTTPSocket.cpp:266
	src/socket/HTTPSocket.cpp:269
	src/socket/ResolvSocket.h:47
	src/socket/NullCrypt.cpp:60
	src/jeliza/SocketHandler.h:78
	src/jeliza/SocketHandler.h:103
	src/jeliza/SocketHandler.h:118
	src/jeliza/SocketHandler.h:176
	src/jeliza/TcpSocket.h:178
	src/jeliza/TcpSocket.h:182
	src/jeliza/TcpSocket.h:193
	src/jeliza/TcpSocket.h:197
	src/jeliza/main.cpp:110
	src/jeliza/ListenSocket.h:60
	src/jeliza/ListenSocket.h:69
	src/jeliza/ListenSocket.h:333
	src/jeliza/ListenSocket.h:358
	src/jeliza/ListenSocket.h:361
	src/jeliza/util.cpp:79
autoscan: warning: missing AC_HEADER_TIME wanted by: 
	src/socket/SocketHandler.cpp:221
	src/socket/SocketHandler.cpp:243
	src/socket/EventTime.cpp:73
	src/socket/SocketHandler.h:85
	src/socket/Utility.h:114
	src/socket/EventHandler.h:54
	src/socket/IEventHandler.h:50
	src/socket/Utility.cpp:565
	src/socket/ISocketHandler.h:105
	src/socket/EventHandler.cpp:66
	src/socket/EventHandler.cpp:140
	src/jeliza/SocketHandler.h:85
autoscan: warning: missing AC_PREREQ wanted by: 
	autoscan
autoscan: warning: missing AC_STRUCT_TM wanted by: 
	src/socket/HttpdSocket.cpp:422
	src/socket/HttpdSocket.cpp:468
	src/socket/StdoutLog.cpp:48
	src/socket/HttpdCookies.cpp:222
autoscan: warning: missing AC_TYPE_INT64_T wanted by: 
	src/socket/EventTime.h:42
autoscan: warning: missing AC_TYPE_SIZE_T wanted by: 
	src/socket/CircularBuffer.cpp:45
	src/socket/CircularBuffer.cpp:63
	src/socket/CircularBuffer.cpp:73
	src/socket/CircularBuffer.cpp:94
	src/socket/CircularBuffer.cpp:103
	src/socket/CircularBuffer.cpp:131
	src/socket/CircularBuffer.cpp:137
	src/socket/CircularBuffer.cpp:149
	src/socket/CircularBuffer.cpp:155
	src/socket/CircularBuffer.cpp:179
	src/socket/HttpDebugSocket.cpp:100
	src/socket/TcpSocket.cpp:131
	src/socket/TcpSocket.cpp:131
	src/socket/TcpSocket.cpp:495
	src/socket/TcpSocket.cpp:647
	src/socket/TcpSocket.cpp:712
	src/socket/TcpSocket.cpp:738
	src/socket/TcpSocket.cpp:740
	src/socket/TcpSocket.cpp:757
	src/socket/TcpSocket.cpp:775
	src/socket/TcpSocket.cpp:881
	src/socket/TcpSocket.cpp:1256
	src/socket/TcpSocket.cpp:1311
	src/socket/TcpSocket.cpp:1316
	src/socket/TcpSocket.cpp:1322
	src/socket/HttpdCookies.h:68
	src/socket/HttpdCookies.h:73
	src/socket/MemFile.h:63
	src/socket/MemFile.h:63
	src/socket/MemFile.h:63
	src/socket/MemFile.h:64
	src/socket/MemFile.h:64
	src/socket/MemFile.h:64
	src/socket/MemFile.h:82
	src/socket/MemFile.h:83
	src/socket/ResolvSocket.cpp:168
	src/socket/ResolvSocket.cpp:202
	src/socket/ResolvSocket.cpp:243
	src/socket/SocketHandler.cpp:338
	src/socket/SocketHandler.cpp:826
	src/socket/HttpClientSocket.h:47
	src/socket/HttpClientSocket.h:57
	src/socket/HttpClientSocket.h:63
	src/socket/HttpClientSocket.h:69
	src/socket/HttpClientSocket.h:71
	src/socket/HttpClientSocket.h:97
	src/socket/HttpClientSocket.h:98
	src/socket/HttpClientSocket.h:102
	src/socket/HTTPSocket.h:54
	src/socket/HTTPSocket.h:67
	src/socket/HttpPostSocket.cpp:260
	src/socket/CircularBuffer.h:47
	src/socket/CircularBuffer.h:51
	src/socket/CircularBuffer.h:53
	src/socket/CircularBuffer.h:55
	src/socket/CircularBuffer.h:57
	src/socket/CircularBuffer.h:60
	src/socket/CircularBuffer.h:64
	src/socket/CircularBuffer.h:66
	src/socket/CircularBuffer.h:77
	src/socket/CircularBuffer.h:78
	src/socket/CircularBuffer.h:79
	src/socket/CircularBuffer.h:80
	src/socket/Parse.cpp:107
	src/socket/Parse.cpp:115
	src/socket/Parse.cpp:135
	src/socket/Parse.cpp:231
	src/socket/Parse.cpp:265
	src/socket/Parse.cpp:287
	src/socket/Parse.cpp:288
	src/socket/Parse.cpp:299
	src/socket/HttpdForm.h:78
	src/socket/HttpdForm.h:83
	src/socket/HttpdForm.h:86
	src/socket/HttpdForm.h:87
	src/socket/HttpdForm.h:90
	src/socket/HttpdForm.h:90
	src/socket/HttpdForm.h:91
	src/socket/HttpdForm.h:91
	src/socket/HttpdForm.h:94
	src/socket/HttpdForm.h:96
	src/socket/SctpSocket.cpp:344
	src/socket/Base64.cpp:63
	src/socket/Base64.cpp:64
	src/socket/Base64.cpp:65
	src/socket/Base64.cpp:106
	src/socket/Base64.cpp:108
	src/socket/Base64.cpp:109
	src/socket/Base64.cpp:114
	src/socket/Base64.cpp:142
	src/socket/Base64.cpp:144
	src/socket/Base64.cpp:145
	src/socket/Base64.cpp:150
	src/socket/Base64.cpp:180
	src/socket/Base64.cpp:181
	src/socket/Base64.cpp:211
	src/socket/Base64.cpp:213
	src/socket/Base64.cpp:214
	src/socket/Base64.cpp:215
	src/socket/Base64.cpp:257
	src/socket/Base64.cpp:261
	src/socket/HttpClientSocket.cpp:121
	src/socket/HttpClientSocket.cpp:178
	src/socket/HttpClientSocket.cpp:192
	src/socket/HttpClientSocket.cpp:198
	src/socket/HttpClientSocket.cpp:204
	src/socket/Socket.cpp:1027
	src/socket/Ipv6Address.cpp:78
	src/socket/Ipv6Address.cpp:79
	src/socket/Ipv6Address.cpp:106
	src/socket/Ipv6Address.cpp:107
	src/socket/Ipv6Address.cpp:175
	src/socket/Ipv6Address.cpp:199
	src/socket/SocketHandler.h:90
	src/socket/HttpdSocket.cpp:279
	src/socket/HttpdSocket.cpp:402
	src/socket/UdpSocket.h:56
	src/socket/UdpSocket.h:134
	src/socket/HttpdForm.cpp:53
	src/socket/HttpdForm.cpp:63
	src/socket/HttpdForm.cpp:64
	src/socket/HttpdForm.cpp:152
	src/socket/HttpdForm.cpp:153
	src/socket/HttpdForm.cpp:351
	src/socket/HttpdForm.cpp:358
	src/socket/HttpdForm.cpp:440
	src/socket/HttpdForm.cpp:443
	src/socket/HttpdForm.cpp:467
	src/socket/HttpdForm.cpp:474
	src/socket/HttpdForm.cpp:491
	src/socket/HttpdForm.cpp:491
	src/socket/HttpdForm.cpp:498
	src/socket/HttpdForm.cpp:498
	src/socket/HttpdForm.cpp:523
	src/socket/HttpdForm.cpp:570
	src/socket/HttpdForm.cpp:573
	src/socket/HttpdForm.cpp:585
	src/socket/Parse.h:79
	src/socket/Parse.h:86
	src/socket/File.h:51
	src/socket/File.h:51
	src/socket/File.h:51
	src/socket/File.h:52
	src/socket/File.h:52
	src/socket/File.h:52
	src/socket/SctpSocket.h:75
	src/socket/Base64.h:55
	src/socket/Base64.h:56
	src/socket/Base64.h:59
	src/socket/Base64.h:61
	src/socket/IFile.h:50
	src/socket/IFile.h:50
	src/socket/IFile.h:50
	src/socket/IFile.h:51
	src/socket/IFile.h:51
	src/socket/IFile.h:51
	src/socket/Socket.h:377
	src/socket/HttpdCookies.cpp:74
	src/socket/HttpdCookies.cpp:122
	src/socket/HttpdSocket.h:55
	src/socket/HttpdSocket.h:84
	src/socket/HttpdSocket.h:86
	src/socket/UdpSocket.cpp:331
	src/socket/UdpSocket.cpp:663
	src/socket/Utility.cpp:98
	src/socket/Utility.cpp:109
	src/socket/Utility.cpp:125
	src/socket/Utility.cpp:155
	src/socket/Utility.cpp:181
	src/socket/Utility.cpp:190
	src/socket/Utility.cpp:191
	src/socket/Utility.cpp:192
	src/socket/Utility.cpp:213
	src/socket/Utility.cpp:282
	src/socket/Utility.cpp:283
	src/socket/Utility.cpp:310
	src/socket/Utility.cpp:311
	src/socket/Utility.cpp:382
	src/socket/Utility.cpp:406
	src/socket/Utility.cpp:432
	src/socket/ISocketHandler.h:110
	src/socket/HttpDebugSocket.h:54
	src/socket/TcpSocket.h:60
	src/socket/TcpSocket.h:68
	src/socket/TcpSocket.h:71
	src/socket/TcpSocket.h:72
	src/socket/TcpSocket.h:95
	src/socket/TcpSocket.h:95
	src/socket/TcpSocket.h:133
	src/socket/TcpSocket.h:137
	src/socket/TcpSocket.h:140
	src/socket/TcpSocket.h:142
	src/socket/MemFile.cpp:102
	src/socket/MemFile.cpp:102
	src/socket/MemFile.cpp:102
	src/socket/MemFile.cpp:104
	src/socket/MemFile.cpp:105
	src/socket/MemFile.cpp:106
	src/socket/MemFile.cpp:123
	src/socket/MemFile.cpp:124
	src/socket/MemFile.cpp:143
	src/socket/MemFile.cpp:143
	src/socket/MemFile.cpp:143
	src/socket/MemFile.cpp:145
	src/socket/MemFile.cpp:146
	src/socket/MemFile.cpp:154
	src/socket/MemFile.cpp:155
	src/socket/MemFile.cpp:174
	src/socket/File.cpp:73
	src/socket/File.cpp:73
	src/socket/File.cpp:73
	src/socket/File.cpp:79
	src/socket/File.cpp:79
	src/socket/File.cpp:79
	src/socket/HttpPutSocket.cpp:108
	src/socket/HTTPSocket.cpp:121
	src/socket/HTTPSocket.cpp:128
	src/socket/HTTPSocket.cpp:167
	src/jeliza/SocketHandler.h:90
	src/jeliza/TcpSocket.h:60
	src/jeliza/TcpSocket.h:68
	src/jeliza/TcpSocket.h:71
	src/jeliza/TcpSocket.h:72
	src/jeliza/TcpSocket.h:95
	src/jeliza/TcpSocket.h:95
	src/jeliza/TcpSocket.h:133
	src/jeliza/TcpSocket.h:137
	src/jeliza/TcpSocket.h:140
	src/jeliza/TcpSocket.h:142
autoscan: warning: missing AC_TYPE_UINT32_T wanted by: 
	src/socket/Ipv6Address.cpp:233
	src/socket/Ipv6Address.cpp:239
	src/socket/Ipv6Address.cpp:245
	src/socket/Ipv6Address.cpp:251
	src/socket/Ipv6Address.h:55
	src/socket/Ipv6Address.h:56
	src/socket/Ipv6Address.h:58
	src/socket/Ipv6Address.h:59
autoscan: warning: missing AC_TYPE_UINT64_T wanted by: 
	src/socket/TcpSocket.cpp:1328
	src/socket/TcpSocket.cpp:1330
	src/socket/TcpSocket.cpp:1337
	src/socket/TcpSocket.cpp:1339
	src/socket/Socket.cpp:1166
	src/socket/Socket.cpp:1172
	src/socket/Utility.h:35
	src/socket/Utility.h:59
	src/socket/Utility.h:60
	src/socket/Socket.h:426
	src/socket/Socket.h:427
	src/socket/Utility.cpp:77
	src/socket/Utility.cpp:80
	src/socket/Utility.cpp:83
	src/socket/Utility.cpp:95
	src/socket/Utility.cpp:97
	src/socket/TcpSocket.h:151
	src/socket/TcpSocket.h:153
	src/socket/TcpSocket.h:250
	src/socket/TcpSocket.h:251
	src/jeliza/TcpSocket.h:151
	src/jeliza/TcpSocket.h:153
	src/jeliza/TcpSocket.h:250
	src/jeliza/TcpSocket.h:251
