This file contains any messages produced by compilers while
running configure, to aid debugging if configure makes a mistake.

It was created by FULL-PACKAGE-NAME configure VERSION, which was
generated by GNU Autoconf 2.60.  Invocation command line was

  $ ./configure 

## --------- ##
## Platform. ##
## --------- ##

hostname = donald
uname -m = i686
uname -r = 2.6.17.14-vs2.0.2.1-grsec2.1.9-vs2.0.2.1
uname -s = Linux
uname -v = #1 SMP PREEMPT Tue Feb 20 14:09:10 CET 2007

/usr/bin/uname -p = unknown
/bin/uname -X     = unknown

/bin/arch              = i686
/usr/bin/arch -k       = unknown
/usr/convex/getsysinfo = unknown
/usr/bin/hostinfo      = unknown
/bin/machine           = unknown
/usr/bin/oslevel       = unknown
/bin/universe          = unknown

PATH: /usr/local/sbin
PATH: /usr/local/bin
PATH: /usr/sbin
PATH: /usr/bin
PATH: /sbin
PATH: /bin
PATH: /usr/bin/X11
PATH: /usr/games


## ----------- ##
## Core tests. ##
## ----------- ##

configure:1764: checking for a BSD-compatible install
configure:1820: result: /usr/bin/install -c
configure:1831: checking whether build environment is sane
configure:1874: result: yes
configure:1898: WARNING: `missing' script is too old or missing
configure:1939: checking for gawk
configure:1969: result: no
configure:1939: checking for mawk
configure:1955: found /usr/bin/mawk
configure:1966: result: mawk
configure:1977: checking whether make sets $(MAKE)
configure:1998: result: yes
configure:2243: checking for g++
configure:2259: found /usr/bin/g++
configure:2270: result: g++
configure:2301: checking for C++ compiler version
configure:2308: g++ --version >&5
g++ (GCC) 4.1.2 20060928 (prerelease) (Ubuntu 4.1.1-13ubuntu5)
Copyright (C) 2006 Free Software Foundation, Inc.
This is free software; see the source for copying conditions.  There is NO
warranty; not even for MERCHANTABILITY or FITNESS FOR A PARTICULAR PURPOSE.

configure:2311: $? = 0
configure:2318: g++ -v >&5
Using built-in specs.
Target: i486-linux-gnu
Configured with: ../src/configure -v --enable-languages=c,c++,fortran,objc,obj-c++,treelang --prefix=/usr --enable-shared --with-system-zlib --libexecdir=/usr/lib --without-included-gettext --enable-threads=posix --enable-nls --program-suffix=-4.1 --enable-__cxa_atexit --enable-clocale=gnu --enable-libstdcxx-debug --enable-mpfr --enable-checking=release i486-linux-gnu
Thread model: posix
gcc version 4.1.2 20060928 (prerelease) (Ubuntu 4.1.1-13ubuntu5)
configure:2321: $? = 0
configure:2328: g++ -V >&5
g++: '-V' option must have argument
configure:2331: $? = 1
configure:2354: checking for C++ compiler default output file name
configure:2381: g++    conftest.cpp  >&5
configure:2384: $? = 0
configure:2430: result: a.out
configure:2435: checking whether the C++ compiler works
configure:2445: ./a.out
configure:2448: $? = 0
configure:2465: result: yes
configure:2472: checking whether we are cross compiling
configure:2474: result: no
configure:2477: checking for suffix of executables
configure:2484: g++ -o conftest    conftest.cpp  >&5
configure:2487: $? = 0
configure:2511: result: 
configure:2517: checking for suffix of object files
configure:2543: g++ -c   conftest.cpp >&5
configure:2546: $? = 0
configure:2569: result: o
configure:2573: checking whether we are using the GNU C++ compiler
configure:2602: g++ -c   conftest.cpp >&5
configure:2608: $? = 0
configure:2615: test -z "$ac_cxx_werror_flag" || test ! -s conftest.err
configure:2618: $? = 0
configure:2625: test -s conftest.o
configure:2628: $? = 0
configure:2642: result: yes
configure:2647: checking whether g++ accepts -g
configure:2677: g++ -c -g  conftest.cpp >&5
configure:2683: $? = 0
configure:2690: test -z "$ac_cxx_werror_flag" || test ! -s conftest.err
configure:2693: $? = 0
configure:2700: test -s conftest.o
configure:2703: $? = 0
configure:2833: result: yes
configure:2867: checking for style of include used by make
configure:2895: result: GNU
configure:2923: checking dependency style of g++
configure:3013: result: gcc3
configure:3078: checking for gcc
configure:3094: found /usr/bin/gcc
configure:3105: result: gcc
configure:3343: checking for C compiler version
configure:3350: gcc --version >&5
gcc (GCC) 4.0.4 20060630 (prerelease) (Ubuntu 4.0.3-4)
Copyright (C) 2006 Free Software Foundation, Inc.
This is free software; see the source for copying conditions.  There is NO
warranty; not even for MERCHANTABILITY or FITNESS FOR A PARTICULAR PURPOSE.

configure:3353: $? = 0
configure:3360: gcc -v >&5
Using built-in specs.
Target: i486-linux-gnu
Configured with: ../src/configure -v --enable-languages=c,c++,java,f95 --prefix=/usr --enable-shared --with-system-zlib --libexecdir=/usr/lib --without-included-gettext --enable-threads=posix --enable-nls --program-suffix=-4.0 --enable-__cxa_atexit --enable-clocale=gnu --enable-libstdcxx-debug --enable-java-awt=gtk-default --enable-gtk-cairo --with-java-home=/usr/lib/jvm/java-1.4.2-gcj-4.0-1.4.2.0/jre --enable-mpfr --with-tune=pentium4 --enable-checking=release i486-linux-gnu
Thread model: posix
gcc version 4.0.4 20060630 (prerelease) (Ubuntu 4.0.3-4)
configure:3363: $? = 0
configure:3370: gcc -V >&5
gcc: '-V' option must have argument
configure:3373: $? = 1
configure:3376: checking whether we are using the GNU C compiler
configure:3405: gcc -c   conftest.c >&5
configure:3411: $? = 0
configure:3418: test -z "$ac_c_werror_flag" || test ! -s conftest.err
configure:3421: $? = 0
configure:3428: test -s conftest.o
configure:3431: $? = 0
configure:3445: result: yes
configure:3450: checking whether gcc accepts -g
configure:3480: gcc -c -g  conftest.c >&5
configure:3486: $? = 0
configure:3493: test -z "$ac_c_werror_flag" || test ! -s conftest.err
configure:3496: $? = 0
configure:3503: test -s conftest.o
configure:3506: $? = 0
configure:3636: result: yes
configure:3653: checking for gcc option to accept ISO C89
configure:3727: gcc  -c -g -O2  conftest.c >&5
configure:3733: $? = 0
configure:3740: test -z "$ac_c_werror_flag" || test ! -s conftest.err
configure:3743: $? = 0
configure:3750: test -s conftest.o
configure:3753: $? = 0
configure:3773: result: none needed
configure:3793: checking dependency style of gcc
configure:3883: result: gcc3
configure:3922: checking how to run the C preprocessor
configure:3962: gcc -E  conftest.c
configure:3968: $? = 0
configure:4006: gcc -E  conftest.c
conftest.c:10:28: error: ac_nonexistent.h: No such file or directory
configure:4012: $? = 1
configure: failed program was:
| /* confdefs.h.  */
| #define PACKAGE_NAME "FULL-PACKAGE-NAME"
| #define PACKAGE_TARNAME "full-package-name"
| #define PACKAGE_VERSION "VERSION"
| #define PACKAGE_STRING "FULL-PACKAGE-NAME VERSION"
| #define PACKAGE_BUGREPORT "BUG-REPORT-ADDRESS"
| #define PACKAGE "JEliza"
| #define VERSION "2.0"
| /* end confdefs.h.  */
| #include <ac_nonexistent.h>
configure:4052: result: gcc -E
configure:4081: gcc -E  conftest.c
configure:4087: $? = 0
configure:4125: gcc -E  conftest.c
conftest.c:10:28: error: ac_nonexistent.h: No such file or directory
configure:4131: $? = 1
configure: failed program was:
| /* confdefs.h.  */
| #define PACKAGE_NAME "FULL-PACKAGE-NAME"
| #define PACKAGE_TARNAME "full-package-name"
| #define PACKAGE_VERSION "VERSION"
| #define PACKAGE_STRING "FULL-PACKAGE-NAME VERSION"
| #define PACKAGE_BUGREPORT "BUG-REPORT-ADDRESS"
| #define PACKAGE "JEliza"
| #define VERSION "2.0"
| /* end confdefs.h.  */
| #include <ac_nonexistent.h>
configure:4176: checking for grep that handles long lines and -e
configure:4250: result: /bin/grep
configure:4255: checking for egrep
configure:4333: result: /bin/grep -E
configure:4338: checking for ANSI C header files
configure:4368: gcc -c -g -O2  conftest.c >&5
configure:4374: $? = 0
configure:4381: test -z "$ac_c_werror_flag" || test ! -s conftest.err
configure:4384: $? = 0
configure:4391: test -s conftest.o
configure:4394: $? = 0
configure:4490: gcc -o conftest -g -O2   conftest.c  >&5
configure:4493: $? = 0
configure:4499: ./conftest
configure:4502: $? = 0
configure:4519: result: yes
configure:4543: checking for sys/types.h
configure:4564: gcc -c -g -O2  conftest.c >&5
configure:4570: $? = 0
configure:4577: test -z "$ac_c_werror_flag" || test ! -s conftest.err
configure:4580: $? = 0
configure:4587: test -s conftest.o
configure:4590: $? = 0
configure:4603: result: yes
configure:4543: checking for sys/stat.h
configure:4564: gcc -c -g -O2  conftest.c >&5
configure:4570: $? = 0
configure:4577: test -z "$ac_c_werror_flag" || test ! -s conftest.err
configure:4580: $? = 0
configure:4587: test -s conftest.o
configure:4590: $? = 0
configure:4603: result: yes
configure:4543: checking for stdlib.h
configure:4564: gcc -c -g -O2  conftest.c >&5
configure:4570: $? = 0
configure:4577: test -z "$ac_c_werror_flag" || test ! -s conftest.err
configure:4580: $? = 0
configure:4587: test -s conftest.o
configure:4590: $? = 0
configure:4603: result: yes
configure:4543: checking for string.h
configure:4564: gcc -c -g -O2  conftest.c >&5
configure:4570: $? = 0
configure:4577: test -z "$ac_c_werror_flag" || test ! -s conftest.err
configure:4580: $? = 0
configure:4587: test -s conftest.o
configure:4590: $? = 0
configure:4603: result: yes
configure:4543: checking for memory.h
configure:4564: gcc -c -g -O2  conftest.c >&5
configure:4570: $? = 0
configure:4577: test -z "$ac_c_werror_flag" || test ! -s conftest.err
configure:4580: $? = 0
configure:4587: test -s conftest.o
configure:4590: $? = 0
configure:4603: result: yes
configure:4543: checking for strings.h
configure:4564: gcc -c -g -O2  conftest.c >&5
configure:4570: $? = 0
configure:4577: test -z "$ac_c_werror_flag" || test ! -s conftest.err
configure:4580: $? = 0
configure:4587: test -s conftest.o
configure:4590: $? = 0
configure:4603: result: yes
configure:4543: checking for inttypes.h
configure:4564: gcc -c -g -O2  conftest.c >&5
configure:4570: $? = 0
configure:4577: test -z "$ac_c_werror_flag" || test ! -s conftest.err
configure:4580: $? = 0
configure:4587: test -s conftest.o
configure:4590: $? = 0
configure:4603: result: yes
configure:4543: checking for stdint.h
configure:4564: gcc -c -g -O2  conftest.c >&5
configure:4570: $? = 0
configure:4577: test -z "$ac_c_werror_flag" || test ! -s conftest.err
configure:4580: $? = 0
configure:4587: test -s conftest.o
configure:4590: $? = 0
configure:4603: result: yes
configure:4543: checking for unistd.h
configure:4564: gcc -c -g -O2  conftest.c >&5
configure:4570: $? = 0
configure:4577: test -z "$ac_c_werror_flag" || test ! -s conftest.err
configure:4580: $? = 0
configure:4587: test -s conftest.o
configure:4590: $? = 0
configure:4603: result: yes
configure:4641: checking arpa/inet.h usability
configure:4658: gcc -c -g -O2  conftest.c >&5
configure:4664: $? = 0
configure:4671: test -z "$ac_c_werror_flag" || test ! -s conftest.err
configure:4674: $? = 0
configure:4681: test -s conftest.o
configure:4684: $? = 0
configure:4695: result: yes
configure:4699: checking arpa/inet.h presence
configure:4714: gcc -E  conftest.c
configure:4720: $? = 0
configure:4741: result: yes
configure:4774: checking for arpa/inet.h
configure:4782: result: yes
configure:4641: checking fcntl.h usability
configure:4658: gcc -c -g -O2  conftest.c >&5
configure:4664: $? = 0
configure:4671: test -z "$ac_c_werror_flag" || test ! -s conftest.err
configure:4674: $? = 0
configure:4681: test -s conftest.o
configure:4684: $? = 0
configure:4695: result: yes
configure:4699: checking fcntl.h presence
configure:4714: gcc -E  conftest.c
configure:4720: $? = 0
configure:4741: result: yes
configure:4774: checking for fcntl.h
configure:4782: result: yes
configure:4631: checking for inttypes.h
configure:4637: result: yes
configure:4641: checking netdb.h usability
configure:4658: gcc -c -g -O2  conftest.c >&5
configure:4664: $? = 0
configure:4671: test -z "$ac_c_werror_flag" || test ! -s conftest.err
configure:4674: $? = 0
configure:4681: test -s conftest.o
configure:4684: $? = 0
configure:4695: result: yes
configure:4699: checking netdb.h presence
configure:4714: gcc -E  conftest.c
configure:4720: $? = 0
configure:4741: result: yes
configure:4774: checking for netdb.h
configure:4782: result: yes
configure:4641: checking netinet/in.h usability
configure:4658: gcc -c -g -O2  conftest.c >&5
configure:4664: $? = 0
configure:4671: test -z "$ac_c_werror_flag" || test ! -s conftest.err
configure:4674: $? = 0
configure:4681: test -s conftest.o
configure:4684: $? = 0
configure:4695: result: yes
configure:4699: checking netinet/in.h presence
configure:4714: gcc -E  conftest.c
configure:4720: $? = 0
configure:4741: result: yes
configure:4774: checking for netinet/in.h
configure:4782: result: yes
configure:4631: checking for stdint.h
configure:4637: result: yes
configure:4631: checking for stdlib.h
configure:4637: result: yes
configure:4631: checking for string.h
configure:4637: result: yes
configure:4641: checking sys/param.h usability
configure:4658: gcc -c -g -O2  conftest.c >&5
configure:4664: $? = 0
configure:4671: test -z "$ac_c_werror_flag" || test ! -s conftest.err
configure:4674: $? = 0
configure:4681: test -s conftest.o
configure:4684: $? = 0
configure:4695: result: yes
configure:4699: checking sys/param.h presence
configure:4714: gcc -E  conftest.c
configure:4720: $? = 0
configure:4741: result: yes
configure:4774: checking for sys/param.h
configure:4782: result: yes
configure:4641: checking sys/socket.h usability
configure:4658: gcc -c -g -O2  conftest.c >&5
configure:4664: $? = 0
configure:4671: test -z "$ac_c_werror_flag" || test ! -s conftest.err
configure:4674: $? = 0
configure:4681: test -s conftest.o
configure:4684: $? = 0
configure:4695: result: yes
configure:4699: checking sys/socket.h presence
configure:4714: gcc -E  conftest.c
configure:4720: $? = 0
configure:4741: result: yes
configure:4774: checking for sys/socket.h
configure:4782: result: yes
configure:4641: checking sys/time.h usability
configure:4658: gcc -c -g -O2  conftest.c >&5
configure:4664: $? = 0
configure:4671: test -z "$ac_c_werror_flag" || test ! -s conftest.err
configure:4674: $? = 0
configure:4681: test -s conftest.o
configure:4684: $? = 0
configure:4695: result: yes
configure:4699: checking sys/time.h presence
configure:4714: gcc -E  conftest.c
configure:4720: $? = 0
configure:4741: result: yes
configure:4774: checking for sys/time.h
configure:4782: result: yes
configure:4631: checking for unistd.h
configure:4637: result: yes
configure:4797: checking for stdbool.h that conforms to C99
configure:4890: gcc -c -g -O2  conftest.c >&5
configure:4896: $? = 0
configure:4903: test -z "$ac_c_werror_flag" || test ! -s conftest.err
configure:4906: $? = 0
configure:4913: test -s conftest.o
configure:4916: $? = 0
configure:4928: result: yes
configure:4930: checking for _Bool
configure:4960: gcc -c -g -O2  conftest.c >&5
configure:4966: $? = 0
configure:4973: test -z "$ac_c_werror_flag" || test ! -s conftest.err
configure:4976: $? = 0
configure:4983: test -s conftest.o
configure:4986: $? = 0
configure:4998: result: yes
configure:5017: checking for an ANSI C-conforming const
configure:5092: gcc -c -g -O2  conftest.c >&5
configure:5098: $? = 0
configure:5105: test -z "$ac_c_werror_flag" || test ! -s conftest.err
configure:5108: $? = 0
configure:5115: test -s conftest.o
configure:5118: $? = 0
configure:5130: result: yes
configure:5141: checking for int64_t
configure:5172: gcc -c -g -O2  conftest.c >&5
configure:5178: $? = 0
configure:5185: test -z "$ac_c_werror_flag" || test ! -s conftest.err
configure:5188: $? = 0
configure:5195: test -s conftest.o
configure:5198: $? = 0
configure:5224: gcc -c -g -O2  conftest.c >&5
conftest.c: In function 'main':
conftest.c:71: warning: integer overflow in expression
conftest.c:71: error: size of array 'test_array' is negative
configure:5230: $? = 1
configure: failed program was:
| /* confdefs.h.  */
| #define PACKAGE_NAME "FULL-PACKAGE-NAME"
| #define PACKAGE_TARNAME "full-package-name"
| #define PACKAGE_VERSION "VERSION"
| #define PACKAGE_STRING "FULL-PACKAGE-NAME VERSION"
| #define PACKAGE_BUGREPORT "BUG-REPORT-ADDRESS"
| #define PACKAGE "JEliza"
| #define VERSION "2.0"
| #define STDC_HEADERS 1
| #define HAVE_SYS_TYPES_H 1
| #define HAVE_SYS_STAT_H 1
| #define HAVE_STDLIB_H 1
| #define HAVE_STRING_H 1
| #define HAVE_MEMORY_H 1
| #define HAVE_STRINGS_H 1
| #define HAVE_INTTYPES_H 1
| #define HAVE_STDINT_H 1
| #define HAVE_UNISTD_H 1
| #define HAVE_ARPA_INET_H 1
| #define HAVE_FCNTL_H 1
| #define HAVE_INTTYPES_H 1
| #define HAVE_NETDB_H 1
| #define HAVE_NETINET_IN_H 1
| #define HAVE_STDINT_H 1
| #define HAVE_STDLIB_H 1
| #define HAVE_STRING_H 1
| #define HAVE_SYS_PARAM_H 1
| #define HAVE_SYS_SOCKET_H 1
| #define HAVE_SYS_TIME_H 1
| #define HAVE_UNISTD_H 1
| #define HAVE__BOOL 1
| #define HAVE_STDBOOL_H 1
| /* end confdefs.h.  */
| #include <stdio.h>
| #if HAVE_SYS_TYPES_H
| # include <sys/types.h>
| #endif
| #if HAVE_SYS_STAT_H
| # include <sys/stat.h>
| #endif
| #if STDC_HEADERS
| # include <stdlib.h>
| # include <stddef.h>
| #else
| # if HAVE_STDLIB_H
| #  include <stdlib.h>
| # endif
| #endif
| #if HAVE_STRING_H
| # if !STDC_HEADERS && HAVE_MEMORY_H
| #  include <memory.h>
| # endif
| # include <string.h>
| #endif
| #if HAVE_STRINGS_H
| # include <strings.h>
| #endif
| #if HAVE_INTTYPES_H
| # include <inttypes.h>
| #endif
| #if HAVE_STDINT_H
| # include <stdint.h>
| #endif
| #if HAVE_UNISTD_H
| # include <unistd.h>
| #endif
| int
| main ()
| {
| static int test_array [1 - 2 * !((int64_t) ((((int64_t) 1 << (64 - 2)) - 1) * 2 + 1)
| 	         < (int64_t) ((((int64_t) 1 << (64 - 2)) - 1) * 2 + 2))];
| test_array [0] = 0
| 
|   ;
|   return 0;
| }
configure:5276: result: yes
configure:5288: checking for off_t
configure:5318: gcc -c -g -O2  conftest.c >&5
configure:5324: $? = 0
configure:5331: test -z "$ac_c_werror_flag" || test ! -s conftest.err
configure:5334: $? = 0
configure:5341: test -s conftest.o
configure:5344: $? = 0
configure:5356: result: yes
configure:5368: checking for size_t
configure:5398: gcc -c -g -O2  conftest.c >&5
configure:5404: $? = 0
configure:5411: test -z "$ac_c_werror_flag" || test ! -s conftest.err
configure:5414: $? = 0
configure:5421: test -s conftest.o
configure:5424: $? = 0
configure:5436: result: yes
configure:5448: checking whether time.h and sys/time.h may both be included
configure:5478: gcc -c -g -O2  conftest.c >&5
configure:5484: $? = 0
configure:5491: test -z "$ac_c_werror_flag" || test ! -s conftest.err
configure:5494: $? = 0
configure:5501: test -s conftest.o
configure:5504: $? = 0
configure:5516: result: yes
configure:5526: checking whether struct tm is in sys/time.h or time.h
configure:5554: gcc -c -g -O2  conftest.c >&5
configure:5560: $? = 0
configure:5567: test -z "$ac_c_werror_flag" || test ! -s conftest.err
configure:5570: $? = 0
configure:5577: test -s conftest.o
configure:5580: $? = 0
configure:5592: result: time.h
configure:5603: checking for uint32_t
configure:5634: gcc -c -g -O2  conftest.c >&5
configure:5640: $? = 0
configure:5647: test -z "$ac_c_werror_flag" || test ! -s conftest.err
configure:5650: $? = 0
configure:5657: test -s conftest.o
configure:5660: $? = 0
configure:5678: result: yes
configure:5696: checking for uint64_t
configure:5727: gcc -c -g -O2  conftest.c >&5
configure:5733: $? = 0
configure:5740: test -z "$ac_c_werror_flag" || test ! -s conftest.err
configure:5743: $? = 0
configure:5750: test -s conftest.o
configure:5753: $? = 0
configure:5771: result: yes
configure:5790: checking for error_at_line
configure:5816: gcc -o conftest -g -O2   conftest.c  >&5
configure:5822: $? = 0
configure:5829: test -z "$ac_c_werror_flag" || test ! -s conftest.err
configure:5832: $? = 0
configure:5839: test -s conftest
configure:5842: $? = 0
configure:5855: result: yes
configure:5866: checking for working memcmp
configure:5919: gcc -o conftest -g -O2   conftest.c  >&5
configure:5922: $? = 0
configure:5928: ./conftest
configure:5931: $? = 0
configure:5947: result: yes
configure:5963: checking for stdlib.h
configure:5969: result: yes
configure:5963: checking for sys/time.h
configure:5969: result: yes
configure:5963: checking for unistd.h
configure:5969: result: yes
configure:6131: checking for alarm
configure:6187: gcc -o conftest -g -O2   conftest.c  >&5
configure:6193: $? = 0
configure:6200: test -z "$ac_c_werror_flag" || test ! -s conftest.err
configure:6203: $? = 0
configure:6210: test -s conftest
configure:6213: $? = 0
configure:6227: result: yes
configure:6237: checking for working mktime
configure:6418: gcc -o conftest -g -O2   conftest.c  >&5
configure:6421: $? = 0
configure:6427: ./conftest
configure:6430: $? = 0
configure:6446: result: yes
configure:6473: checking sys/select.h usability
configure:6490: gcc -c -g -O2  conftest.c >&5
configure:6496: $? = 0
configure:6503: test -z "$ac_c_werror_flag" || test ! -s conftest.err
configure:6506: $? = 0
configure:6513: test -s conftest.o
configure:6516: $? = 0
configure:6527: result: yes
configure:6531: checking sys/select.h presence
configure:6546: gcc -E  conftest.c
configure:6552: $? = 0
configure:6573: result: yes
configure:6606: checking for sys/select.h
configure:6614: result: yes
configure:6463: checking for sys/socket.h
configure:6469: result: yes
configure:6627: checking types of arguments for select
configure:6665: gcc -c -g -O2  conftest.c >&5
configure:6671: $? = 0
configure:6678: test -z "$ac_c_werror_flag" || test ! -s conftest.err
configure:6681: $? = 0
configure:6688: test -s conftest.o
configure:6691: $? = 0
configure:6709: result: int,fd_set *,struct timeval *
configure:6732: checking whether lstat dereferences a symlink specified with a trailing slash
configure:6768: gcc -o conftest -g -O2   conftest.c  >&5
configure:6771: $? = 0
configure:6777: ./conftest
configure:6780: $? = 0
configure:6803: result: yes
configure:6822: checking whether stat accepts an empty string
configure:6852: gcc -o conftest -g -O2   conftest.c  >&5
configure:6855: $? = 0
configure:6861: ./conftest
configure:6864: $? = 0
configure:6880: result: no
configure:6900: checking for vprintf
configure:6956: gcc -o conftest -g -O2   conftest.c  >&5
conftest.c:68: warning: conflicting types for built-in function 'vprintf'
configure:6962: $? = 0
configure:6969: test -z "$ac_c_werror_flag" || test ! -s conftest.err
configure:6972: $? = 0
configure:6979: test -s conftest
configure:6982: $? = 0
configure:6996: result: yes
configure:7003: checking for _doprnt
configure:7059: gcc -o conftest -g -O2   conftest.c  >&5
/tmp/cciWA9Eo.o: In function `main':
/media/hdb5/workspace/JEliza/trunk/trunk/conftest.c:80: undefined reference to `_doprnt'
collect2: ld returned 1 exit status
configure:7065: $? = 1
configure: failed program was:
| /* confdefs.h.  */
| #define PACKAGE_NAME "FULL-PACKAGE-NAME"
| #define PACKAGE_TARNAME "full-package-name"
| #define PACKAGE_VERSION "VERSION"
| #define PACKAGE_STRING "FULL-PACKAGE-NAME VERSION"
| #define PACKAGE_BUGREPORT "BUG-REPORT-ADDRESS"
| #define PACKAGE "JEliza"
| #define VERSION "2.0"
| #define STDC_HEADERS 1
| #define HAVE_SYS_TYPES_H 1
| #define HAVE_SYS_STAT_H 1
| #define HAVE_STDLIB_H 1
| #define HAVE_STRING_H 1
| #define HAVE_MEMORY_H 1
| #define HAVE_STRINGS_H 1
| #define HAVE_INTTYPES_H 1
| #define HAVE_STDINT_H 1
| #define HAVE_UNISTD_H 1
| #define HAVE_ARPA_INET_H 1
| #define HAVE_FCNTL_H 1
| #define HAVE_INTTYPES_H 1
| #define HAVE_NETDB_H 1
| #define HAVE_NETINET_IN_H 1
| #define HAVE_STDINT_H 1
| #define HAVE_STDLIB_H 1
| #define HAVE_STRING_H 1
| #define HAVE_SYS_PARAM_H 1
| #define HAVE_SYS_SOCKET_H 1
| #define HAVE_SYS_TIME_H 1
| #define HAVE_UNISTD_H 1
| #define HAVE__BOOL 1
| #define HAVE_STDBOOL_H 1
| #define TIME_WITH_SYS_TIME 1
| #define HAVE_STDLIB_H 1
| #define HAVE_SYS_TIME_H 1
| #define HAVE_UNISTD_H 1
| #define HAVE_ALARM 1
| #define HAVE_SYS_SELECT_H 1
| #define HAVE_SYS_SOCKET_H 1
| #define SELECT_TYPE_ARG1 int
| #define SELECT_TYPE_ARG234 (fd_set *)
| #define SELECT_TYPE_ARG5 (struct timeval *)
| #define LSTAT_FOLLOWS_SLASHED_SYMLINK 1
| #define HAVE_VPRINTF 1
| /* end confdefs.h.  */
| /* Define _doprnt to an innocuous variant, in case <limits.h> declares _doprnt.
|    For example, HP-UX 11i <limits.h> declares gettimeofday.  */
| #define _doprnt innocuous__doprnt
| 
| /* System header to define __stub macros and hopefully few prototypes,
|     which can conflict with char _doprnt (); below.
|     Prefer <limits.h> to <assert.h> if __STDC__ is defined, since
|     <limits.h> exists even on freestanding compilers.  */
| 
| #ifdef __STDC__
| # include <limits.h>
| #else
| # include <assert.h>
| #endif
| 
| #undef _doprnt
| 
| /* Override any GCC internal prototype to avoid an error.
|    Use char because int might match the return type of a GCC
|    builtin and then its argument prototype would still apply.  */
| #ifdef __cplusplus
| extern "C"
| #endif
| char _doprnt ();
| /* The GNU C library defines this for functions which it implements
|     to always fail with ENOSYS.  Some functions are actually named
|     something starting with __ and the normal name is an alias.  */
| #if defined __stub__doprnt || defined __stub____doprnt
| choke me
| #endif
| 
| int
| main ()
| {
| return _doprnt ();
|   ;
|   return 0;
| }
configure:7098: result: no
configure:7126: checking for gethostbyaddr
configure:7182: gcc -o conftest -g -O2   conftest.c  >&5
configure:7188: $? = 0
configure:7195: test -z "$ac_c_werror_flag" || test ! -s conftest.err
configure:7198: $? = 0
configure:7205: test -s conftest
configure:7208: $? = 0
configure:7222: result: yes
configure:7126: checking for gethostbyname
configure:7182: gcc -o conftest -g -O2   conftest.c  >&5
configure:7188: $? = 0
configure:7195: test -z "$ac_c_werror_flag" || test ! -s conftest.err
configure:7198: $? = 0
configure:7205: test -s conftest
configure:7208: $? = 0
configure:7222: result: yes
configure:7126: checking for gethostname
configure:7182: gcc -o conftest -g -O2   conftest.c  >&5
configure:7188: $? = 0
configure:7195: test -z "$ac_c_werror_flag" || test ! -s conftest.err
configure:7198: $? = 0
configure:7205: test -s conftest
configure:7208: $? = 0
configure:7222: result: yes
configure:7126: checking for gettimeofday
configure:7182: gcc -o conftest -g -O2   conftest.c  >&5
configure:7188: $? = 0
configure:7195: test -z "$ac_c_werror_flag" || test ! -s conftest.err
configure:7198: $? = 0
configure:7205: test -s conftest
configure:7208: $? = 0
configure:7222: result: yes
configure:7126: checking for memset
configure:7182: gcc -o conftest -g -O2   conftest.c  >&5
conftest.c:73: warning: conflicting types for built-in function 'memset'
configure:7188: $? = 0
configure:7195: test -z "$ac_c_werror_flag" || test ! -s conftest.err
configure:7198: $? = 0
configure:7205: test -s conftest
configure:7208: $? = 0
configure:7222: result: yes
configure:7126: checking for putenv
configure:7182: gcc -o conftest -g -O2   conftest.c  >&5
configure:7188: $? = 0
configure:7195: test -z "$ac_c_werror_flag" || test ! -s conftest.err
configure:7198: $? = 0
configure:7205: test -s conftest
configure:7208: $? = 0
configure:7222: result: yes
configure:7126: checking for select
configure:7182: gcc -o conftest -g -O2   conftest.c  >&5
configure:7188: $? = 0
configure:7195: test -z "$ac_c_werror_flag" || test ! -s conftest.err
configure:7198: $? = 0
configure:7205: test -s conftest
configure:7208: $? = 0
configure:7222: result: yes
configure:7126: checking for setenv
configure:7182: gcc -o conftest -g -O2   conftest.c  >&5
configure:7188: $? = 0
configure:7195: test -z "$ac_c_werror_flag" || test ! -s conftest.err
configure:7198: $? = 0
configure:7205: test -s conftest
configure:7208: $? = 0
configure:7222: result: yes
configure:7126: checking for socket
configure:7182: gcc -o conftest -g -O2   conftest.c  >&5
configure:7188: $? = 0
configure:7195: test -z "$ac_c_werror_flag" || test ! -s conftest.err
configure:7198: $? = 0
configure:7205: test -s conftest
configure:7208: $? = 0
configure:7222: result: yes
configure:7126: checking for strcasecmp
configure:7182: gcc -o conftest -g -O2   conftest.c  >&5
configure:7188: $? = 0
configure:7195: test -z "$ac_c_werror_flag" || test ! -s conftest.err
configure:7198: $? = 0
configure:7205: test -s conftest
configure:7208: $? = 0
configure:7222: result: yes
configure:7126: checking for strstr
configure:7182: gcc -o conftest -g -O2   conftest.c  >&5
conftest.c:79: warning: conflicting types for built-in function 'strstr'
configure:7188: $? = 0
configure:7195: test -z "$ac_c_werror_flag" || test ! -s conftest.err
configure:7198: $? = 0
configure:7205: test -s conftest
configure:7208: $? = 0
configure:7222: result: yes
configure:7386: creating ./config.status

## ---------------------- ##
## Running config.status. ##
## ---------------------- ##

This file was extended by FULL-PACKAGE-NAME config.status VERSION, which was
generated by GNU Autoconf 2.60.  Invocation command line was

  CONFIG_FILES    = 
  CONFIG_HEADERS  = 
  CONFIG_LINKS    = 
  CONFIG_COMMANDS = 
  $ ./config.status 

on donald

config.status:609: creating Makefile
config.status:794: executing depfiles commands

## ---------------- ##
## Cache variables. ##
## ---------------- ##

ac_cv_c_compiler_gnu=yes
ac_cv_c_const=yes
ac_cv_c_int64_t=yes
ac_cv_c_uint32_t=yes
ac_cv_c_uint64_t=yes
ac_cv_cxx_compiler_gnu=yes
ac_cv_env_CCC_set=
ac_cv_env_CCC_value=
ac_cv_env_CC_set=
ac_cv_env_CC_value=
ac_cv_env_CFLAGS_set=
ac_cv_env_CFLAGS_value=
ac_cv_env_CPPFLAGS_set=
ac_cv_env_CPPFLAGS_value=
ac_cv_env_CPP_set=
ac_cv_env_CPP_value=
ac_cv_env_CXXFLAGS_set=
ac_cv_env_CXXFLAGS_value=
ac_cv_env_CXX_set=
ac_cv_env_CXX_value=
ac_cv_env_LDFLAGS_set=
ac_cv_env_LDFLAGS_value=
ac_cv_env_build_alias_set=
ac_cv_env_build_alias_value=
ac_cv_env_host_alias_set=
ac_cv_env_host_alias_value=
ac_cv_env_target_alias_set=
ac_cv_env_target_alias_value=
ac_cv_func__doprnt=no
ac_cv_func_alarm=yes
ac_cv_func_gethostbyaddr=yes
ac_cv_func_gethostbyname=yes
ac_cv_func_gethostname=yes
ac_cv_func_gettimeofday=yes
ac_cv_func_lstat_dereferences_slashed_symlink=yes
ac_cv_func_memcmp_working=yes
ac_cv_func_memset=yes
ac_cv_func_putenv=yes
ac_cv_func_select=yes
ac_cv_func_select_args='int,fd_set *,struct timeval *'
ac_cv_func_setenv=yes
ac_cv_func_socket=yes
ac_cv_func_stat_empty_string_bug=no
ac_cv_func_strcasecmp=yes
ac_cv_func_strstr=yes
ac_cv_func_vprintf=yes
ac_cv_func_working_mktime=yes
ac_cv_header_arpa_inet_h=yes
ac_cv_header_fcntl_h=yes
ac_cv_header_inttypes_h=yes
ac_cv_header_memory_h=yes
ac_cv_header_netdb_h=yes
ac_cv_header_netinet_in_h=yes
ac_cv_header_stdbool_h=yes
ac_cv_header_stdc=yes
ac_cv_header_stdint_h=yes
ac_cv_header_stdlib_h=yes
ac_cv_header_string_h=yes
ac_cv_header_strings_h=yes
ac_cv_header_sys_param_h=yes
ac_cv_header_sys_select_h=yes
ac_cv_header_sys_socket_h=yes
ac_cv_header_sys_stat_h=yes
ac_cv_header_sys_time_h=yes
ac_cv_header_sys_types_h=yes
ac_cv_header_time=yes
ac_cv_header_unistd_h=yes
ac_cv_lib_error_at_line=yes
ac_cv_objext=o
ac_cv_path_EGREP='/bin/grep -E'
ac_cv_path_GREP=/bin/grep
ac_cv_path_install='/usr/bin/install -c'
ac_cv_prog_AWK=mawk
ac_cv_prog_CPP='gcc -E'
ac_cv_prog_ac_ct_CC=gcc
ac_cv_prog_ac_ct_CXX=g++
ac_cv_prog_cc_c89=
ac_cv_prog_cc_g=yes
ac_cv_prog_cxx_g=yes
ac_cv_prog_make_make_set=yes
ac_cv_struct_tm=time.h
ac_cv_type__Bool=yes
ac_cv_type_off_t=yes
ac_cv_type_size_t=yes
am_cv_CC_dependencies_compiler_type=gcc3
am_cv_CXX_dependencies_compiler_type=gcc3

## ----------------- ##
## Output variables. ##
## ----------------- ##

ACLOCAL='aclocal-1.9'
AMDEPBACKSLASH='\'
AMDEP_FALSE='#'
AMDEP_TRUE=''
AMTAR='tar'
AUTOCONF='autoconf'
AUTOHEADER='autoheader'
AUTOMAKE='automake-1.9'
AWK='mawk'
CC='gcc'
CCDEPMODE='depmode=gcc3'
CFLAGS='-g -O2'
CPP='gcc -E'
CPPFLAGS=''
CXX='g++'
CXXDEPMODE='depmode=gcc3'
CXXFLAGS='-g -O2'
CYGPATH_W='echo'
DEFS='-DPACKAGE_NAME=\"FULL-PACKAGE-NAME\" -DPACKAGE_TARNAME=\"full-package-name\" -DPACKAGE_VERSION=\"VERSION\" -DPACKAGE_STRING=\"FULL-PACKAGE-NAME\ VERSION\" -DPACKAGE_BUGREPORT=\"BUG-REPORT-ADDRESS\" -DPACKAGE=\"JEliza\" -DVERSION=\"2.0\" -DSTDC_HEADERS=1 -DHAVE_SYS_TYPES_H=1 -DHAVE_SYS_STAT_H=1 -DHAVE_STDLIB_H=1 -DHAVE_STRING_H=1 -DHAVE_MEMORY_H=1 -DHAVE_STRINGS_H=1 -DHAVE_INTTYPES_H=1 -DHAVE_STDINT_H=1 -DHAVE_UNISTD_H=1 -DHAVE_ARPA_INET_H=1 -DHAVE_FCNTL_H=1 -DHAVE_INTTYPES_H=1 -DHAVE_NETDB_H=1 -DHAVE_NETINET_IN_H=1 -DHAVE_STDINT_H=1 -DHAVE_STDLIB_H=1 -DHAVE_STRING_H=1 -DHAVE_SYS_PARAM_H=1 -DHAVE_SYS_SOCKET_H=1 -DHAVE_SYS_TIME_H=1 -DHAVE_UNISTD_H=1 -DHAVE__BOOL=1 -DHAVE_STDBOOL_H=1 -DTIME_WITH_SYS_TIME=1 -DHAVE_STDLIB_H=1 -DHAVE_SYS_TIME_H=1 -DHAVE_UNISTD_H=1 -DHAVE_ALARM=1 -DHAVE_SYS_SELECT_H=1 -DHAVE_SYS_SOCKET_H=1 -DSELECT_TYPE_ARG1=int -DSELECT_TYPE_ARG234=\(fd_set\ \*\) -DSELECT_TYPE_ARG5=\(struct\ timeval\ \*\) -DLSTAT_FOLLOWS_SLASHED_SYMLINK=1 -DHAVE_VPRINTF=1 -DHAVE_GETHOSTBYADDR=1 -DHAVE_GETHOSTBYNAME=1 -DHAVE_GETHOSTNAME=1 -DHAVE_GETTIMEOFDAY=1 -DHAVE_MEMSET=1 -DHAVE_PUTENV=1 -DHAVE_SELECT=1 -DHAVE_SETENV=1 -DHAVE_SOCKET=1 -DHAVE_STRCASECMP=1 -DHAVE_STRSTR=1'
DEPDIR='.deps'
ECHO_C=''
ECHO_N='-n'
ECHO_T=''
EGREP='/bin/grep -E'
EXEEXT=''
GREP='/bin/grep'
INSTALL_DATA='${INSTALL} -m 644'
INSTALL_PROGRAM='${INSTALL}'
INSTALL_SCRIPT='${INSTALL}'
INSTALL_STRIP_PROGRAM='${SHELL} $(install_sh) -c -s'
LDFLAGS=''
LIBOBJS=''
LIBS=''
LTLIBOBJS=''
MAKEINFO='makeinfo'
OBJEXT='o'
PACKAGE='JEliza'
PACKAGE_BUGREPORT='BUG-REPORT-ADDRESS'
PACKAGE_NAME='FULL-PACKAGE-NAME'
PACKAGE_STRING='FULL-PACKAGE-NAME VERSION'
PACKAGE_TARNAME='full-package-name'
PACKAGE_VERSION='VERSION'
PATH_SEPARATOR=':'
SET_MAKE=''
SHELL='/bin/sh'
STRIP=''
VERSION='2.0'
ac_ct_CC='gcc'
ac_ct_CXX='g++'
am__fastdepCC_FALSE='#'
am__fastdepCC_TRUE=''
am__fastdepCXX_FALSE='#'
am__fastdepCXX_TRUE=''
am__include='include'
am__leading_dot='.'
am__quote=''
am__tar='${AMTAR} chof - "$$tardir"'
am__untar='${AMTAR} xf -'
bindir='${exec_prefix}/bin'
build_alias=''
datadir='${datarootdir}'
datarootdir='${prefix}/share'
docdir='${datarootdir}/doc/${PACKAGE_TARNAME}'
dvidir='${docdir}'
exec_prefix='${prefix}'
host_alias=''
htmldir='${docdir}'
includedir='${prefix}/include'
infodir='${datarootdir}/info'
install_sh='/media/hdb5/workspace/JEliza/trunk/trunk/install-sh'
libdir='${exec_prefix}/lib'
libexecdir='${exec_prefix}/libexec'
localedir='${datarootdir}/locale'
localstatedir='${prefix}/var'
mandir='${datarootdir}/man'
mkdir_p='mkdir -p --'
oldincludedir='/usr/include'
pdfdir='${docdir}'
prefix='/usr/local'
program_transform_name='s,x,x,'
psdir='${docdir}'
sbindir='${exec_prefix}/sbin'
sharedstatedir='${prefix}/com'
sysconfdir='${prefix}/etc'
target_alias=''

## ----------- ##
## confdefs.h. ##
## ----------- ##

#define PACKAGE_NAME "FULL-PACKAGE-NAME"
#define PACKAGE_TARNAME "full-package-name"
#define PACKAGE_VERSION "VERSION"
#define PACKAGE_STRING "FULL-PACKAGE-NAME VERSION"
#define PACKAGE_BUGREPORT "BUG-REPORT-ADDRESS"
#define PACKAGE "JEliza"
#define VERSION "2.0"
#define STDC_HEADERS 1
#define HAVE_SYS_TYPES_H 1
#define HAVE_SYS_STAT_H 1
#define HAVE_STDLIB_H 1
#define HAVE_STRING_H 1
#define HAVE_MEMORY_H 1
#define HAVE_STRINGS_H 1
#define HAVE_INTTYPES_H 1
#define HAVE_STDINT_H 1
#define HAVE_UNISTD_H 1
#define HAVE_ARPA_INET_H 1
#define HAVE_FCNTL_H 1
#define HAVE_INTTYPES_H 1
#define HAVE_NETDB_H 1
#define HAVE_NETINET_IN_H 1
#define HAVE_STDINT_H 1
#define HAVE_STDLIB_H 1
#define HAVE_STRING_H 1
#define HAVE_SYS_PARAM_H 1
#define HAVE_SYS_SOCKET_H 1
#define HAVE_SYS_TIME_H 1
#define HAVE_UNISTD_H 1
#define HAVE__BOOL 1
#define HAVE_STDBOOL_H 1
#define TIME_WITH_SYS_TIME 1
#define HAVE_STDLIB_H 1
#define HAVE_SYS_TIME_H 1
#define HAVE_UNISTD_H 1
#define HAVE_ALARM 1
#define HAVE_SYS_SELECT_H 1
#define HAVE_SYS_SOCKET_H 1
#define SELECT_TYPE_ARG1 int
#define SELECT_TYPE_ARG234 (fd_set *)
#define SELECT_TYPE_ARG5 (struct timeval *)
#define LSTAT_FOLLOWS_SLASHED_SYMLINK 1
#define HAVE_VPRINTF 1
#define HAVE_GETHOSTBYADDR 1
#define HAVE_GETHOSTBYNAME 1
#define HAVE_GETHOSTNAME 1
#define HAVE_GETTIMEOFDAY 1
#define HAVE_MEMSET 1
#define HAVE_PUTENV 1
#define HAVE_SELECT 1
#define HAVE_SETENV 1
#define HAVE_SOCKET 1
#define HAVE_STRCASECMP 1
#define HAVE_STRSTR 1

configure: exit 0
